<?xml version="1.0" encoding="UTF-8"?>
<coverage generated="1729273239358" clover="3.2.0">
  <project timestamp="1729273239358" name="All files">
    <metrics statements="191" coveredstatements="157" conditionals="94" coveredconditionals="57" methods="76" coveredmethods="47" elements="361" coveredelements="261" complexity="0" loc="191" ncloc="191" packages="3" files="7" classes="7"/>
    <package name="components">
      <metrics statements="151" coveredstatements="121" conditionals="75" coveredconditionals="39" methods="62" coveredmethods="36"/>
      <file name="CharacterCard.tsx" path="/Users/ronanoleary/code/rickandmorty-findest-rol-assignment/src/components/CharacterCard.tsx">
        <metrics statements="13" coveredstatements="11" conditionals="0" coveredconditionals="0" methods="6" coveredmethods="4"/>
        <line num="3" count="2" type="stmt"/>
        <line num="4" count="2" type="stmt"/>
        <line num="21" count="2" type="stmt"/>
        <line num="22" count="22" type="stmt"/>
        <line num="25" count="22" type="stmt"/>
        <line num="26" count="1" type="stmt"/>
        <line num="27" count="1" type="stmt"/>
        <line num="31" count="22" type="stmt"/>
        <line num="32" count="0" type="stmt"/>
        <line num="33" count="0" type="stmt"/>
        <line num="37" count="22" type="stmt"/>
        <line num="39" count="1" type="stmt"/>
        <line num="82" count="2" type="stmt"/>
      </file>
      <file name="Characters.tsx" path="/Users/ronanoleary/code/rickandmorty-findest-rol-assignment/src/components/Characters.tsx">
        <metrics statements="43" coveredstatements="37" conditionals="18" coveredconditionals="9" methods="17" coveredmethods="11"/>
        <line num="2" count="1" type="stmt"/>
        <line num="3" count="1" type="stmt"/>
        <line num="4" count="1" type="stmt"/>
        <line num="10" count="1" type="stmt"/>
        <line num="12" count="1" type="stmt"/>
        <line num="13" count="9" type="stmt"/>
        <line num="14" count="9" type="stmt"/>
        <line num="15" count="9" type="stmt"/>
        <line num="16" count="9" type="stmt"/>
        <line num="17" count="9" type="stmt"/>
        <line num="18" count="9" type="stmt"/>
        <line num="19" count="9" type="stmt"/>
        <line num="21" count="9" type="stmt"/>
        <line num="24" count="9" type="stmt"/>
        <line num="26" count="1" type="stmt"/>
        <line num="31" count="9" type="stmt"/>
        <line num="32" count="1" type="stmt"/>
        <line num="33" count="1" type="stmt"/>
        <line num="37" count="9" type="stmt"/>
        <line num="46" count="9" type="stmt"/>
        <line num="47" count="9" type="stmt"/>
        <line num="48" count="9" type="stmt"/>
        <line num="52" count="9" type="stmt"/>
        <line num="53" count="18" type="cond" truecount="1" falsecount="1"/>
        <line num="56" count="18" type="cond" truecount="1" falsecount="1"/>
        <line num="59" count="18" type="cond" truecount="2" falsecount="0"/>
        <line num="62" count="9" type="stmt"/>
        <line num="63" count="1" type="cond" truecount="1" falsecount="0"/>
        <line num="64" count="1" type="stmt"/>
        <line num="68" count="9" type="stmt"/>
        <line num="69" count="0" type="cond" truecount="0" falsecount="3"/>
        <line num="70" count="0" type="stmt"/>
        <line num="74" count="9" type="stmt"/>
        <line num="91" count="1" type="stmt"/>
        <line num="98" count="18" type="stmt"/>
        <line num="107" count="0" type="stmt"/>
        <line num="119" count="0" type="stmt"/>
        <line num="132" count="0" type="stmt"/>
        <line num="139" count="18" type="stmt"/>
        <line num="148" count="0" type="stmt"/>
        <line num="155" count="9" type="stmt"/>
        <line num="222" count="18" type="stmt"/>
        <line num="235" count="1" type="stmt"/>
      </file>
      <file name="Episodes.tsx" path="/Users/ronanoleary/code/rickandmorty-findest-rol-assignment/src/components/Episodes.tsx">
        <metrics statements="59" coveredstatements="40" conditionals="41" coveredconditionals="16" methods="25" coveredmethods="9"/>
        <line num="3" count="1" type="stmt"/>
        <line num="4" count="1" type="stmt"/>
        <line num="5" count="1" type="stmt"/>
        <line num="6" count="1" type="stmt"/>
        <line num="12" count="1" type="stmt"/>
        <line num="13" count="10" type="stmt"/>
        <line num="14" count="10" type="stmt"/>
        <line num="15" count="10" type="stmt"/>
        <line num="16" count="10" type="stmt"/>
        <line num="17" count="10" type="stmt"/>
        <line num="18" count="10" type="stmt"/>
        <line num="19" count="10" type="stmt"/>
        <line num="20" count="10" type="stmt"/>
        <line num="21" count="10" type="stmt"/>
        <line num="26" count="10" type="stmt"/>
        <line num="28" count="0" type="stmt"/>
        <line num="33" count="10" type="stmt"/>
        <line num="34" count="0" type="stmt"/>
        <line num="35" count="0" type="stmt"/>
        <line num="36" count="0" type="stmt"/>
        <line num="44" count="10" type="cond" truecount="1" falsecount="1"/>
        <line num="53" count="10" type="stmt"/>
        <line num="57" count="10" type="stmt"/>
        <line num="58" count="0" type="stmt"/>
        <line num="59" count="0" type="stmt"/>
        <line num="62" count="10" type="stmt"/>
        <line num="64" count="10" type="stmt"/>
        <line num="65" count="5" type="stmt"/>
        <line num="69" count="10" type="stmt"/>
        <line num="73" count="5" type="stmt"/>
        <line num="74" count="5" type="stmt"/>
        <line num="76" count="0" type="stmt"/>
        <line num="79" count="0" type="stmt"/>
        <line num="80" count="0" type="stmt"/>
        <line num="90" count="5" type="stmt"/>
        <line num="96" count="10" type="stmt"/>
        <line num="97" count="9" type="cond" truecount="1" falsecount="0"/>
        <line num="98" count="5" type="stmt"/>
        <line num="99" count="5" type="stmt"/>
        <line num="104" count="10" type="stmt"/>
        <line num="105" count="1" type="cond" truecount="1" falsecount="0"/>
        <line num="106" count="1" type="stmt"/>
        <line num="110" count="10" type="stmt"/>
        <line num="111" count="0" type="cond" truecount="0" falsecount="3"/>
        <line num="112" count="0" type="stmt"/>
        <line num="116" count="10" type="stmt"/>
        <line num="117" count="0" type="stmt"/>
        <line num="118" count="0" type="stmt"/>
        <line num="121" count="10" type="stmt"/>
        <line num="122" count="0" type="stmt"/>
        <line num="126" count="10" type="stmt"/>
        <line num="127" count="0" type="stmt"/>
        <line num="133" count="10" type="stmt"/>
        <line num="159" count="0" type="stmt"/>
        <line num="221" count="6" type="stmt"/>
        <line num="246" count="0" type="stmt"/>
        <line num="247" count="0" type="stmt"/>
        <line num="269" count="0" type="stmt"/>
        <line num="308" count="1" type="stmt"/>
      </file>
      <file name="Locations.tsx" path="/Users/ronanoleary/code/rickandmorty-findest-rol-assignment/src/components/Locations.tsx">
        <metrics statements="26" coveredstatements="26" conditionals="12" coveredconditionals="12" methods="10" coveredmethods="10"/>
        <line num="2" count="1" type="stmt"/>
        <line num="3" count="1" type="stmt"/>
        <line num="4" count="1" type="stmt"/>
        <line num="6" count="1" type="stmt"/>
        <line num="7" count="13" type="stmt"/>
        <line num="8" count="13" type="stmt"/>
        <line num="9" count="13" type="stmt"/>
        <line num="10" count="13" type="stmt"/>
        <line num="12" count="13" type="stmt"/>
        <line num="15" count="13" type="stmt"/>
        <line num="17" count="1" type="stmt"/>
        <line num="22" count="13" type="stmt"/>
        <line num="23" count="1" type="stmt"/>
        <line num="24" count="1" type="stmt"/>
        <line num="28" count="13" type="stmt"/>
        <line num="35" count="13" type="stmt"/>
        <line num="36" count="1" type="cond" truecount="1" falsecount="0"/>
        <line num="37" count="1" type="stmt"/>
        <line num="41" count="13" type="stmt"/>
        <line num="42" count="1" type="cond" truecount="3" falsecount="0"/>
        <line num="43" count="1" type="stmt"/>
        <line num="47" count="13" type="stmt"/>
        <line num="62" count="1" type="stmt"/>
        <line num="72" count="1" type="stmt"/>
        <line num="139" count="11" type="stmt"/>
        <line num="157" count="1" type="stmt"/>
      </file>
      <file name="Modal.tsx" path="/Users/ronanoleary/code/rickandmorty-findest-rol-assignment/src/components/Modal.tsx">
        <metrics statements="10" coveredstatements="7" conditionals="4" coveredconditionals="2" methods="4" coveredmethods="2"/>
        <line num="11" count="3" type="stmt"/>
        <line num="12" count="19" type="cond" truecount="1" falsecount="0"/>
        <line num="13" count="18" type="stmt"/>
        <line num="16" count="1" type="stmt"/>
        <line num="17" count="0" type="cond" truecount="0" falsecount="1"/>
        <line num="18" count="0" type="stmt"/>
        <line num="22" count="1" type="stmt"/>
        <line num="32" count="1" type="stmt"/>
        <line num="33" count="0" type="stmt"/>
        <line num="45" count="3" type="stmt"/>
      </file>
    </package>
    <package name="components.Tabs">
      <metrics statements="32" coveredstatements="28" conditionals="16" coveredconditionals="15" methods="12" coveredmethods="9"/>
      <file name="Tabs.tsx" path="/Users/ronanoleary/code/rickandmorty-findest-rol-assignment/src/components/Tabs/Tabs.tsx">
        <metrics statements="32" coveredstatements="28" conditionals="16" coveredconditionals="15" methods="12" coveredmethods="9"/>
        <line num="2" count="1" type="stmt"/>
        <line num="3" count="1" type="stmt"/>
        <line num="4" count="1" type="stmt"/>
        <line num="5" count="1" type="stmt"/>
        <line num="6" count="1" type="stmt"/>
        <line num="7" count="1" type="stmt"/>
        <line num="10" count="1" type="stmt"/>
        <line num="11" count="6" type="stmt"/>
        <line num="14" count="1" type="stmt"/>
        <line num="15" count="6" type="stmt"/>
        <line num="16" count="6" type="stmt"/>
        <line num="17" count="6" type="stmt"/>
        <line num="18" count="6" type="stmt"/>
        <line num="20" count="6" type="stmt"/>
        <line num="21" count="0" type="stmt"/>
        <line num="24" count="6" type="stmt"/>
        <line num="25" count="2" type="stmt"/>
        <line num="26" count="2" type="stmt"/>
        <line num="27" count="2" type="stmt"/>
        <line num="28" count="2" type="stmt"/>
        <line num="29" count="2" type="stmt"/>
        <line num="34" count="2" type="stmt"/>
        <line num="38" count="6" type="stmt"/>
        <line num="39" count="2" type="cond" truecount="1" falsecount="1"/>
        <line num="40" count="0" type="stmt"/>
        <line num="41" count="0" type="stmt"/>
        <line num="44" count="2" type="stmt"/>
        <line num="48" count="6" type="stmt"/>
        <line num="52" count="0" type="stmt"/>
        <line num="58" count="1" type="stmt"/>
        <line num="64" count="1" type="stmt"/>
        <line num="89" count="1" type="stmt"/>
      </file>
    </package>
    <package name="hooks">
      <metrics statements="8" coveredstatements="8" conditionals="3" coveredconditionals="3" methods="2" coveredmethods="2"/>
      <file name="useUpdateEffect.ts" path="/Users/ronanoleary/code/rickandmorty-findest-rol-assignment/src/hooks/useUpdateEffect.ts">
        <metrics statements="8" coveredstatements="8" conditionals="3" coveredconditionals="3" methods="2" coveredmethods="2"/>
        <line num="1" count="1" type="stmt"/>
        <line num="6" count="1" type="stmt"/>
        <line num="11" count="7" type="stmt"/>
        <line num="12" count="7" type="stmt"/>
        <line num="13" count="5" type="cond" truecount="2" falsecount="0"/>
        <line num="15" count="2" type="stmt"/>
        <line num="17" count="3" type="stmt"/>
        <line num="22" count="1" type="stmt"/>
      </file>
    </package>
  </project>
</coverage>
