{"/Users/ronanoleary/code/rickandmorty-findest-rol/src/components/CharacterCard.tsx": {"path":"/Users/ronanoleary/code/rickandmorty-findest-rol/src/components/CharacterCard.tsx","statementMap":{"0":{"start":{"line":3,"column":0},"end":{"line":3,"column":33}},"1":{"start":{"line":4,"column":0},"end":{"line":4,"column":28}},"2":{"start":{"line":21,"column":22},"end":{"line":80,"column":1}},"3":{"start":{"line":22,"column":40},"end":{"line":22,"column":55}},"4":{"start":{"line":25,"column":20},"end":{"line":29,"column":3}},"5":{"start":{"line":26,"column":4},"end":{"line":28,"column":7}},"6":{"start":{"line":27,"column":6},"end":{"line":27,"column":27}},"7":{"start":{"line":31,"column":21},"end":{"line":35,"column":3}},"8":{"start":{"line":32,"column":4},"end":{"line":34,"column":7}},"9":{"start":{"line":33,"column":6},"end":{"line":33,"column":28}},"10":{"start":{"line":37,"column":2},"end":{"line":79,"column":4}},"11":{"start":{"line":39,"column":21},"end":{"line":39,"column":44}},"12":{"start":{"line":82,"column":0},"end":{"line":82,"column":29}}},"fnMap":{"0":{"name":"(anonymous_1)","decl":{"start":{"line":21,"column":22},"end":{"line":21,"column":23}},"loc":{"start":{"line":21,"column":72},"end":{"line":80,"column":1}}},"1":{"name":"(anonymous_2)","decl":{"start":{"line":25,"column":20},"end":{"line":25,"column":21}},"loc":{"start":{"line":25,"column":32},"end":{"line":29,"column":3}}},"2":{"name":"(anonymous_3)","decl":{"start":{"line":26,"column":33},"end":{"line":26,"column":36}},"loc":{"start":{"line":26,"column":38},"end":{"line":28,"column":5}}},"3":{"name":"(anonymous_4)","decl":{"start":{"line":31,"column":21},"end":{"line":31,"column":24}},"loc":{"start":{"line":31,"column":26},"end":{"line":35,"column":3}}},"4":{"name":"(anonymous_5)","decl":{"start":{"line":32,"column":33},"end":{"line":32,"column":36}},"loc":{"start":{"line":32,"column":38},"end":{"line":34,"column":5}}},"5":{"name":"(anonymous_6)","decl":{"start":{"line":39,"column":15},"end":{"line":39,"column":18}},"loc":{"start":{"line":39,"column":21},"end":{"line":39,"column":44}}}},"branchMap":{},"s":{"0":2,"1":2,"2":2,"3":22,"4":22,"5":1,"6":1,"7":22,"8":0,"9":0,"10":22,"11":1,"12":2},"f":{"0":22,"1":1,"2":1,"3":0,"4":0,"5":1},"b":{}}
,"/Users/ronanoleary/code/rickandmorty-findest-rol/src/components/Characters.tsx": {"path":"/Users/ronanoleary/code/rickandmorty-findest-rol/src/components/Characters.tsx","statementMap":{"0":{"start":{"line":2,"column":0},"end":{"line":2,"column":46}},"1":{"start":{"line":3,"column":0},"end":{"line":3,"column":34}},"2":{"start":{"line":4,"column":0},"end":{"line":4,"column":null}},"3":{"start":{"line":10,"column":0},"end":{"line":10,"column":44}},"4":{"start":{"line":12,"column":19},"end":{"line":230,"column":1}},"5":{"start":{"line":13,"column":26},"end":{"line":13,"column":37}},"6":{"start":{"line":14,"column":38},"end":{"line":14,"column":50}},"7":{"start":{"line":15,"column":32},"end":{"line":15,"column":44}},"8":{"start":{"line":16,"column":30},"end":{"line":16,"column":42}},"9":{"start":{"line":17,"column":30},"end":{"line":17,"column":42}},"10":{"start":{"line":18,"column":30},"end":{"line":18,"column":42}},"11":{"start":{"line":19,"column":34},"end":{"line":19,"column":46}},"12":{"start":{"line":21,"column":48},"end":{"line":21,"column":68}},"13":{"start":{"line":24,"column":32},"end":{"line":28,"column":null}},"14":{"start":{"line":26,"column":6},"end":{"line":26,"column":32}},"15":{"start":{"line":31,"column":29},"end":{"line":34,"column":3}},"16":{"start":{"line":32,"column":4},"end":{"line":32,"column":34}},"17":{"start":{"line":33,"column":4},"end":{"line":33,"column":42}},"18":{"start":{"line":37,"column":37},"end":{"line":43,"column":4}},"19":{"start":{"line":46,"column":32},"end":{"line":46,"column":58}},"20":{"start":{"line":47,"column":31},"end":{"line":47,"column":57}},"21":{"start":{"line":48,"column":33},"end":{"line":48,"column":61}},"22":{"start":{"line":52,"column":29},"end":{"line":60,"column":4}},"23":{"start":{"line":53,"column":26},"end":{"line":55,"column":12}},"24":{"start":{"line":56,"column":28},"end":{"line":58,"column":12}},"25":{"start":{"line":59,"column":4},"end":{"line":59,"column":44}},"26":{"start":{"line":62,"column":25},"end":{"line":66,"column":3}},"27":{"start":{"line":63,"column":4},"end":{"line":65,"column":5}},"28":{"start":{"line":64,"column":6},"end":{"line":64,"column":42}},"29":{"start":{"line":64,"column":28},"end":{"line":64,"column":40}},"30":{"start":{"line":68,"column":29},"end":{"line":72,"column":3}},"31":{"start":{"line":69,"column":4},"end":{"line":71,"column":5}},"32":{"start":{"line":70,"column":6},"end":{"line":70,"column":42}},"33":{"start":{"line":70,"column":28},"end":{"line":70,"column":40}},"34":{"start":{"line":74,"column":2},"end":{"line":229,"column":4}},"35":{"start":{"line":91,"column":29},"end":{"line":91,"column":55}},"36":{"start":{"line":97,"column":14},"end":{"line":97,"column":32}},"37":{"start":{"line":106,"column":29},"end":{"line":106,"column":54}},"38":{"start":{"line":118,"column":29},"end":{"line":118,"column":54}},"39":{"start":{"line":131,"column":29},"end":{"line":131,"column":54}},"40":{"start":{"line":137,"column":14},"end":{"line":137,"column":32}},"41":{"start":{"line":146,"column":29},"end":{"line":146,"column":56}},"42":{"start":{"line":152,"column":14},"end":{"line":152,"column":32}},"43":{"start":{"line":219,"column":14},"end":{"line":220,"column":null}},"44":{"start":{"line":232,"column":0},"end":{"line":232,"column":26}}},"fnMap":{"0":{"name":"(anonymous_1)","decl":{"start":{"line":12,"column":19},"end":{"line":12,"column":22}},"loc":{"start":{"line":12,"column":24},"end":{"line":230,"column":1}}},"1":{"name":"(anonymous_2)","decl":{"start":{"line":25,"column":13},"end":{"line":25,"column":14}},"loc":{"start":{"line":25,"column":31},"end":{"line":27,"column":5}}},"2":{"name":"(anonymous_3)","decl":{"start":{"line":31,"column":29},"end":{"line":31,"column":30}},"loc":{"start":{"line":31,"column":72},"end":{"line":34,"column":3}}},"3":{"name":"(anonymous_4)","decl":{"start":{"line":52,"column":51},"end":{"line":52,"column":52}},"loc":{"start":{"line":52,"column":70},"end":{"line":60,"column":3}}},"4":{"name":"(anonymous_5)","decl":{"start":{"line":62,"column":25},"end":{"line":62,"column":28}},"loc":{"start":{"line":62,"column":30},"end":{"line":66,"column":3}}},"5":{"name":"(anonymous_6)","decl":{"start":{"line":64,"column":14},"end":{"line":64,"column":15}},"loc":{"start":{"line":64,"column":28},"end":{"line":64,"column":40}}},"6":{"name":"(anonymous_7)","decl":{"start":{"line":68,"column":29},"end":{"line":68,"column":32}},"loc":{"start":{"line":68,"column":34},"end":{"line":72,"column":3}}},"7":{"name":"(anonymous_8)","decl":{"start":{"line":70,"column":14},"end":{"line":70,"column":15}},"loc":{"start":{"line":70,"column":28},"end":{"line":70,"column":40}}},"8":{"name":"(anonymous_9)","decl":{"start":{"line":91,"column":22},"end":{"line":91,"column":23}},"loc":{"start":{"line":91,"column":29},"end":{"line":91,"column":55}}},"9":{"name":"(anonymous_10)","decl":{"start":{"line":96,"column":30},"end":{"line":96,"column":31}},"loc":{"start":{"line":97,"column":14},"end":{"line":97,"column":32}}},"10":{"name":"(anonymous_11)","decl":{"start":{"line":106,"column":22},"end":{"line":106,"column":23}},"loc":{"start":{"line":106,"column":29},"end":{"line":106,"column":54}}},"11":{"name":"(anonymous_12)","decl":{"start":{"line":118,"column":22},"end":{"line":118,"column":23}},"loc":{"start":{"line":118,"column":29},"end":{"line":118,"column":54}}},"12":{"name":"(anonymous_13)","decl":{"start":{"line":131,"column":22},"end":{"line":131,"column":23}},"loc":{"start":{"line":131,"column":29},"end":{"line":131,"column":54}}},"13":{"name":"(anonymous_14)","decl":{"start":{"line":136,"column":29},"end":{"line":136,"column":30}},"loc":{"start":{"line":137,"column":14},"end":{"line":137,"column":32}}},"14":{"name":"(anonymous_15)","decl":{"start":{"line":146,"column":22},"end":{"line":146,"column":23}},"loc":{"start":{"line":146,"column":29},"end":{"line":146,"column":56}}},"15":{"name":"(anonymous_16)","decl":{"start":{"line":151,"column":31},"end":{"line":151,"column":32}},"loc":{"start":{"line":152,"column":14},"end":{"line":152,"column":32}}},"16":{"name":"(anonymous_17)","decl":{"start":{"line":218,"column":36},"end":{"line":218,"column":37}},"loc":{"start":{"line":219,"column":14},"end":{"line":220,"column":null}}}},"branchMap":{"0":{"loc":{"start":{"line":53,"column":26},"end":{"line":55,"column":12}},"type":"cond-expr","locations":[{"start":{"line":54,"column":8},"end":{"line":54,"column":46}},{"start":{"line":55,"column":8},"end":{"line":55,"column":12}}]},"1":{"loc":{"start":{"line":56,"column":28},"end":{"line":58,"column":12}},"type":"cond-expr","locations":[{"start":{"line":57,"column":8},"end":{"line":57,"column":50}},{"start":{"line":58,"column":8},"end":{"line":58,"column":12}}]},"2":{"loc":{"start":{"line":59,"column":11},"end":{"line":59,"column":43}},"type":"binary-expr","locations":[{"start":{"line":59,"column":11},"end":{"line":59,"column":24}},{"start":{"line":59,"column":28},"end":{"line":59,"column":43}}]},"3":{"loc":{"start":{"line":63,"column":4},"end":{"line":65,"column":5}},"type":"if","locations":[{"start":{"line":63,"column":4},"end":{"line":65,"column":5}}]},"4":{"loc":{"start":{"line":69,"column":4},"end":{"line":71,"column":5}},"type":"if","locations":[{"start":{"line":69,"column":4},"end":{"line":71,"column":5}}]},"5":{"loc":{"start":{"line":69,"column":8},"end":{"line":69,"column":35}},"type":"binary-expr","locations":[{"start":{"line":69,"column":8},"end":{"line":69,"column":23}},{"start":{"line":69,"column":27},"end":{"line":69,"column":35}}]},"6":{"loc":{"start":{"line":164,"column":20},"end":{"line":164,"column":51}},"type":"binary-expr","locations":[{"start":{"line":164,"column":20},"end":{"line":164,"column":37}},{"start":{"line":164,"column":41},"end":{"line":164,"column":51}}]},"7":{"loc":{"start":{"line":179,"column":11},"end":{"line":224,"column":null}},"type":"cond-expr","locations":[{"start":{"line":180,"column":12},"end":{"line":180,"column":29}},{"start":{"line":181,"column":14},"end":{"line":224,"column":null}}]},"8":{"loc":{"start":{"line":181,"column":14},"end":{"line":224,"column":null}},"type":"cond-expr","locations":[{"start":{"line":182,"column":12},"end":{"line":209,"column":null}},{"start":{"line":211,"column":14},"end":{"line":224,"column":null}}]},"9":{"loc":{"start":{"line":211,"column":14},"end":{"line":224,"column":null}},"type":"cond-expr","locations":[{"start":{"line":212,"column":12},"end":{"line":214,"column":null}},{"start":{"line":218,"column":12},"end":{"line":224,"column":14}}]}},"s":{"0":1,"1":1,"2":1,"3":1,"4":1,"5":9,"6":9,"7":9,"8":9,"9":9,"10":9,"11":9,"12":9,"13":9,"14":1,"15":9,"16":1,"17":1,"18":9,"19":9,"20":9,"21":9,"22":9,"23":18,"24":18,"25":18,"26":9,"27":1,"28":1,"29":1,"30":9,"31":0,"32":0,"33":0,"34":9,"35":1,"36":18,"37":0,"38":0,"39":0,"40":18,"41":0,"42":9,"43":18,"44":1},"f":{"0":9,"1":1,"2":1,"3":18,"4":1,"5":1,"6":0,"7":0,"8":1,"9":18,"10":0,"11":0,"12":0,"13":18,"14":0,"15":9,"16":18},"b":{"0":[0,18],"1":[0,18],"2":[18,18],"3":[1],"4":[0],"5":[0,0],"6":[9,0],"7":[0,9],"8":[0,9],"9":[0,9]}}
,"/Users/ronanoleary/code/rickandmorty-findest-rol/src/components/Episodes.tsx": {"path":"/Users/ronanoleary/code/rickandmorty-findest-rol/src/components/Episodes.tsx","statementMap":{"0":{"start":{"line":3,"column":0},"end":{"line":3,"column":67}},"1":{"start":{"line":4,"column":0},"end":{"line":4,"column":34}},"2":{"start":{"line":5,"column":0},"end":{"line":5,"column":40}},"3":{"start":{"line":6,"column":0},"end":{"line":6,"column":null}},"4":{"start":{"line":12,"column":17},"end":{"line":306,"column":1}},"5":{"start":{"line":13,"column":26},"end":{"line":13,"column":37}},"6":{"start":{"line":14,"column":26},"end":{"line":14,"column":38}},"7":{"start":{"line":15,"column":30},"end":{"line":15,"column":59}},"8":{"start":{"line":16,"column":44},"end":{"line":16,"column":73}},"9":{"start":{"line":17,"column":40},"end":{"line":17,"column":55}},"10":{"start":{"line":18,"column":52},"end":{"line":18,"column":71}},"11":{"start":{"line":19,"column":38},"end":{"line":19,"column":50}},"12":{"start":{"line":20,"column":48},"end":{"line":20,"column":62}},"13":{"start":{"line":21,"column":52},"end":{"line":23,"column":8}},"14":{"start":{"line":26,"column":32},"end":{"line":30,"column":null}},"15":{"start":{"line":28,"column":6},"end":{"line":28,"column":32}},"16":{"start":{"line":33,"column":29},"end":{"line":37,"column":3}},"17":{"start":{"line":34,"column":4},"end":{"line":34,"column":28}},"18":{"start":{"line":35,"column":4},"end":{"line":35,"column":34}},"19":{"start":{"line":36,"column":4},"end":{"line":36,"column":42}},"20":{"start":{"line":44,"column":6},"end":{"line":51,"column":61}},"21":{"start":{"line":53,"column":50},"end":{"line":55,"column":8}},"22":{"start":{"line":57,"column":20},"end":{"line":60,"column":3}},"23":{"start":{"line":58,"column":4},"end":{"line":58,"column":36}},"24":{"start":{"line":59,"column":4},"end":{"line":59,"column":25}},"25":{"start":{"line":62,"column":21},"end":{"line":62,"column":48}},"26":{"start":{"line":62,"column":27},"end":{"line":62,"column":48}},"27":{"start":{"line":64,"column":26},"end":{"line":65,"column":null}},"28":{"start":{"line":65,"column":4},"end":{"line":65,"column":64}},"29":{"start":{"line":69,"column":32},"end":{"line":94,"column":3}},"30":{"start":{"line":73,"column":25},"end":{"line":73,"column":73}},"31":{"start":{"line":73,"column":52},"end":{"line":73,"column":72}},"32":{"start":{"line":74,"column":34},"end":{"line":88,"column":null}},"33":{"start":{"line":76,"column":25},"end":{"line":77,"column":null}},"34":{"start":{"line":79,"column":30},"end":{"line":79,"column":51}},"35":{"start":{"line":80,"column":8},"end":{"line":87,"column":10}},"36":{"start":{"line":90,"column":4},"end":{"line":93,"column":8}},"37":{"start":{"line":90,"column":35},"end":{"line":93,"column":6}},"38":{"start":{"line":96,"column":2},"end":{"line":102,"column":13}},"39":{"start":{"line":97,"column":4},"end":{"line":101,"column":5}},"40":{"start":{"line":98,"column":6},"end":{"line":100,"column":9}},"41":{"start":{"line":99,"column":8},"end":{"line":99,"column":62}},"42":{"start":{"line":104,"column":25},"end":{"line":108,"column":3}},"43":{"start":{"line":105,"column":4},"end":{"line":107,"column":5}},"44":{"start":{"line":106,"column":6},"end":{"line":106,"column":42}},"45":{"start":{"line":106,"column":28},"end":{"line":106,"column":40}},"46":{"start":{"line":110,"column":29},"end":{"line":114,"column":3}},"47":{"start":{"line":111,"column":4},"end":{"line":113,"column":5}},"48":{"start":{"line":112,"column":6},"end":{"line":112,"column":42}},"49":{"start":{"line":112,"column":28},"end":{"line":112,"column":40}},"50":{"start":{"line":116,"column":29},"end":{"line":119,"column":3}},"51":{"start":{"line":117,"column":4},"end":{"line":117,"column":30}},"52":{"start":{"line":118,"column":4},"end":{"line":118,"column":15}},"53":{"start":{"line":121,"column":30},"end":{"line":123,"column":3}},"54":{"start":{"line":122,"column":4},"end":{"line":122,"column":37}},"55":{"start":{"line":126,"column":30},"end":{"line":131,"column":3}},"56":{"start":{"line":127,"column":4},"end":{"line":130,"column":8}},"57":{"start":{"line":127,"column":41},"end":{"line":130,"column":6}},"58":{"start":{"line":133,"column":2},"end":{"line":305,"column":4}},"59":{"start":{"line":159,"column":18},"end":{"line":159,"column":40}},"60":{"start":{"line":221,"column":14},"end":{"line":221,"column":36}},"61":{"start":{"line":246,"column":28},"end":{"line":246,"column":null}},"62":{"start":{"line":247,"column":50},"end":{"line":247,"column":70}},"63":{"start":{"line":269,"column":39},"end":{"line":269,"column":70}},"64":{"start":{"line":308,"column":0},"end":{"line":308,"column":24}}},"fnMap":{"0":{"name":"(anonymous_1)","decl":{"start":{"line":12,"column":17},"end":{"line":12,"column":20}},"loc":{"start":{"line":12,"column":22},"end":{"line":306,"column":1}}},"1":{"name":"(anonymous_2)","decl":{"start":{"line":27,"column":13},"end":{"line":27,"column":14}},"loc":{"start":{"line":27,"column":31},"end":{"line":29,"column":5}}},"2":{"name":"(anonymous_3)","decl":{"start":{"line":33,"column":29},"end":{"line":33,"column":30}},"loc":{"start":{"line":33,"column":72},"end":{"line":37,"column":3}}},"3":{"name":"(anonymous_4)","decl":{"start":{"line":57,"column":20},"end":{"line":57,"column":21}},"loc":{"start":{"line":57,"column":39},"end":{"line":60,"column":3}}},"4":{"name":"(anonymous_5)","decl":{"start":{"line":62,"column":21},"end":{"line":62,"column":24}},"loc":{"start":{"line":62,"column":27},"end":{"line":62,"column":48}}},"5":{"name":"(anonymous_6)","decl":{"start":{"line":64,"column":26},"end":{"line":64,"column":29}},"loc":{"start":{"line":65,"column":4},"end":{"line":65,"column":64}}},"6":{"name":"(anonymous_7)","decl":{"start":{"line":69,"column":32},"end":{"line":69,"column":37}},"loc":{"start":{"line":72,"column":6},"end":{"line":94,"column":3}}},"7":{"name":"(anonymous_8)","decl":{"start":{"line":73,"column":43},"end":{"line":73,"column":44}},"loc":{"start":{"line":73,"column":52},"end":{"line":73,"column":72}}},"8":{"name":"(anonymous_9)","decl":{"start":{"line":75,"column":23},"end":{"line":75,"column":28}},"loc":{"start":{"line":75,"column":36},"end":{"line":88,"column":7}}},"9":{"name":"(anonymous_10)","decl":{"start":{"line":90,"column":24},"end":{"line":90,"column":25}},"loc":{"start":{"line":90,"column":35},"end":{"line":93,"column":6}}},"10":{"name":"(anonymous_11)","decl":{"start":{"line":96,"column":12},"end":{"line":96,"column":15}},"loc":{"start":{"line":96,"column":17},"end":{"line":102,"column":3}}},"11":{"name":"(anonymous_12)","decl":{"start":{"line":98,"column":27},"end":{"line":98,"column":28}},"loc":{"start":{"line":98,"column":44},"end":{"line":100,"column":7}}},"12":{"name":"(anonymous_13)","decl":{"start":{"line":104,"column":25},"end":{"line":104,"column":28}},"loc":{"start":{"line":104,"column":30},"end":{"line":108,"column":3}}},"13":{"name":"(anonymous_14)","decl":{"start":{"line":106,"column":14},"end":{"line":106,"column":15}},"loc":{"start":{"line":106,"column":28},"end":{"line":106,"column":40}}},"14":{"name":"(anonymous_15)","decl":{"start":{"line":110,"column":29},"end":{"line":110,"column":32}},"loc":{"start":{"line":110,"column":34},"end":{"line":114,"column":3}}},"15":{"name":"(anonymous_16)","decl":{"start":{"line":112,"column":14},"end":{"line":112,"column":15}},"loc":{"start":{"line":112,"column":28},"end":{"line":112,"column":40}}},"16":{"name":"(anonymous_17)","decl":{"start":{"line":116,"column":29},"end":{"line":116,"column":30}},"loc":{"start":{"line":116,"column":73},"end":{"line":119,"column":3}}},"17":{"name":"(anonymous_18)","decl":{"start":{"line":121,"column":30},"end":{"line":121,"column":31}},"loc":{"start":{"line":121,"column":74},"end":{"line":123,"column":3}}},"18":{"name":"(anonymous_19)","decl":{"start":{"line":126,"column":30},"end":{"line":126,"column":31}},"loc":{"start":{"line":126,"column":52},"end":{"line":131,"column":3}}},"19":{"name":"(anonymous_20)","decl":{"start":{"line":127,"column":25},"end":{"line":127,"column":26}},"loc":{"start":{"line":127,"column":41},"end":{"line":130,"column":6}}},"20":{"name":"(anonymous_21)","decl":{"start":{"line":158,"column":36},"end":{"line":158,"column":37}},"loc":{"start":{"line":159,"column":18},"end":{"line":159,"column":40}}},"21":{"name":"(anonymous_22)","decl":{"start":{"line":220,"column":31},"end":{"line":220,"column":32}},"loc":{"start":{"line":221,"column":14},"end":{"line":221,"column":36}}},"22":{"name":"(anonymous_23)","decl":{"start":{"line":245,"column":31},"end":{"line":245,"column":32}},"loc":{"start":{"line":246,"column":28},"end":{"line":246,"column":null}}},"23":{"name":"(anonymous_24)","decl":{"start":{"line":247,"column":44},"end":{"line":247,"column":47}},"loc":{"start":{"line":247,"column":50},"end":{"line":247,"column":70}}},"24":{"name":"(anonymous_25)","decl":{"start":{"line":269,"column":33},"end":{"line":269,"column":36}},"loc":{"start":{"line":269,"column":39},"end":{"line":269,"column":70}}}},"branchMap":{"0":{"loc":{"start":{"line":41,"column":4},"end":{"line":41,"column":36}},"type":"default-arg","locations":[{"start":{"line":41,"column":11},"end":{"line":41,"column":36}}]},"1":{"loc":{"start":{"line":44,"column":6},"end":{"line":51,"column":61}},"type":"cond-expr","locations":[{"start":{"line":45,"column":6},"end":{"line":50,"column":63}},{"start":{"line":51,"column":6},"end":{"line":51,"column":61}}]},"2":{"loc":{"start":{"line":45,"column":6},"end":{"line":50,"column":63}},"type":"cond-expr","locations":[{"start":{"line":46,"column":8},"end":{"line":49,"column":10}},{"start":{"line":50,"column":8},"end":{"line":50,"column":63}}]},"3":{"loc":{"start":{"line":81,"column":16},"end":{"line":81,"column":47}},"type":"binary-expr","locations":[{"start":{"line":81,"column":16},"end":{"line":81,"column":34}},{"start":{"line":81,"column":38},"end":{"line":81,"column":47}}]},"4":{"loc":{"start":{"line":82,"column":17},"end":{"line":82,"column":42}},"type":"binary-expr","locations":[{"start":{"line":82,"column":17},"end":{"line":82,"column":36}},{"start":{"line":82,"column":40},"end":{"line":82,"column":42}}]},"5":{"loc":{"start":{"line":83,"column":15},"end":{"line":83,"column":38}},"type":"binary-expr","locations":[{"start":{"line":83,"column":15},"end":{"line":83,"column":32}},{"start":{"line":83,"column":36},"end":{"line":83,"column":38}}]},"6":{"loc":{"start":{"line":84,"column":19},"end":{"line":84,"column":53}},"type":"binary-expr","locations":[{"start":{"line":84,"column":19},"end":{"line":84,"column":40}},{"start":{"line":84,"column":44},"end":{"line":84,"column":53}}]},"7":{"loc":{"start":{"line":85,"column":18},"end":{"line":85,"column":54}},"type":"binary-expr","locations":[{"start":{"line":85,"column":18},"end":{"line":85,"column":43}},{"start":{"line":85,"column":47},"end":{"line":85,"column":54}}]},"8":{"loc":{"start":{"line":86,"column":20},"end":{"line":86,"column":58}},"type":"binary-expr","locations":[{"start":{"line":86,"column":20},"end":{"line":86,"column":47}},{"start":{"line":86,"column":51},"end":{"line":86,"column":58}}]},"9":{"loc":{"start":{"line":97,"column":4},"end":{"line":101,"column":5}},"type":"if","locations":[{"start":{"line":97,"column":4},"end":{"line":101,"column":5}}]},"10":{"loc":{"start":{"line":105,"column":4},"end":{"line":107,"column":5}},"type":"if","locations":[{"start":{"line":105,"column":4},"end":{"line":107,"column":5}}]},"11":{"loc":{"start":{"line":111,"column":4},"end":{"line":113,"column":5}},"type":"if","locations":[{"start":{"line":111,"column":4},"end":{"line":113,"column":5}}]},"12":{"loc":{"start":{"line":111,"column":8},"end":{"line":111,"column":36}},"type":"binary-expr","locations":[{"start":{"line":111,"column":8},"end":{"line":111,"column":24}},{"start":{"line":111,"column":28},"end":{"line":111,"column":36}}]},"13":{"loc":{"start":{"line":155,"column":13},"end":{"line":163,"column":null}},"type":"binary-expr","locations":[{"start":{"line":155,"column":13},"end":{"line":155,"column":19}},{"start":{"line":156,"column":14},"end":{"line":162,"column":null}}]},"14":{"loc":{"start":{"line":172,"column":22},"end":{"line":172,"column":53}},"type":"binary-expr","locations":[{"start":{"line":172,"column":22},"end":{"line":172,"column":39}},{"start":{"line":172,"column":43},"end":{"line":172,"column":53}}]},"15":{"loc":{"start":{"line":191,"column":11},"end":{"line":279,"column":null}},"type":"cond-expr","locations":[{"start":{"line":192,"column":12},"end":{"line":192,"column":29}},{"start":{"line":193,"column":14},"end":{"line":279,"column":null}}]},"16":{"loc":{"start":{"line":193,"column":14},"end":{"line":279,"column":null}},"type":"cond-expr","locations":[{"start":{"line":194,"column":12},"end":{"line":217,"column":null}},{"start":{"line":220,"column":12},"end":{"line":279,"column":14}}]},"17":{"loc":{"start":{"line":237,"column":23},"end":{"line":262,"column":null}},"type":"cond-expr","locations":[{"start":{"line":238,"column":24},"end":{"line":260,"column":28}},{"start":{"line":262,"column":24},"end":{"line":262,"column":43}}]},"18":{"loc":{"start":{"line":241,"column":28},"end":{"line":243,"column":33}},"type":"cond-expr","locations":[{"start":{"line":242,"column":32},"end":{"line":242,"column":67}},{"start":{"line":243,"column":32},"end":{"line":243,"column":33}}]},"19":{"loc":{"start":{"line":266,"column":19},"end":{"line":275,"column":null}},"type":"binary-expr","locations":[{"start":{"line":266,"column":19},"end":{"line":266,"column":47}},{"start":{"line":267,"column":20},"end":{"line":267,"column":59}},{"start":{"line":268,"column":22},"end":{"line":274,"column":null}}]},"20":{"loc":{"start":{"line":272,"column":25},"end":{"line":274,"column":49}},"type":"cond-expr","locations":[{"start":{"line":273,"column":28},"end":{"line":273,"column":40}},{"start":{"line":274,"column":28},"end":{"line":274,"column":49}}]},"21":{"loc":{"start":{"line":284,"column":7},"end":{"line":302,"column":null}},"type":"binary-expr","locations":[{"start":{"line":284,"column":7},"end":{"line":284,"column":24}},{"start":{"line":285,"column":8},"end":{"line":301,"column":null}}]}},"s":{"0":1,"1":1,"2":1,"3":1,"4":1,"5":11,"6":11,"7":11,"8":11,"9":11,"10":11,"11":11,"12":11,"13":11,"14":11,"15":0,"16":11,"17":0,"18":0,"19":0,"20":11,"21":11,"22":11,"23":0,"24":0,"25":11,"26":0,"27":11,"28":5,"29":11,"30":5,"31":0,"32":5,"33":0,"34":0,"35":0,"36":5,"37":5,"38":11,"39":10,"40":5,"41":5,"42":11,"43":1,"44":1,"45":1,"46":11,"47":0,"48":0,"49":0,"50":11,"51":0,"52":0,"53":11,"54":0,"55":11,"56":0,"57":0,"58":11,"59":0,"60":6,"61":0,"62":0,"63":0,"64":1},"f":{"0":11,"1":0,"2":0,"3":0,"4":0,"5":5,"6":5,"7":0,"8":0,"9":5,"10":10,"11":5,"12":1,"13":1,"14":0,"15":0,"16":0,"17":0,"18":0,"19":0,"20":0,"21":6,"22":0,"23":0,"24":0},"b":{"0":[0],"1":[0,11],"2":[0,0],"3":[0,0],"4":[0,0],"5":[0,0],"6":[0,0],"7":[0,0],"8":[0,0],"9":[5],"10":[1],"11":[0],"12":[0,0],"13":[11,0],"14":[11,2],"15":[1,10],"16":[4,6],"17":[1,5],"18":[0,1],"19":[6,1,0],"20":[0,0],"21":[11,0]}}
,"/Users/ronanoleary/code/rickandmorty-findest-rol/src/components/Locations.tsx": {"path":"/Users/ronanoleary/code/rickandmorty-findest-rol/src/components/Locations.tsx","statementMap":{"0":{"start":{"line":2,"column":0},"end":{"line":2,"column":46}},"1":{"start":{"line":3,"column":0},"end":{"line":3,"column":34}},"2":{"start":{"line":4,"column":0},"end":{"line":4,"column":70}},"3":{"start":{"line":6,"column":18},"end":{"line":155,"column":1}},"4":{"start":{"line":7,"column":26},"end":{"line":7,"column":37}},"5":{"start":{"line":8,"column":26},"end":{"line":8,"column":38}},"6":{"start":{"line":9,"column":26},"end":{"line":9,"column":38}},"7":{"start":{"line":10,"column":36},"end":{"line":10,"column":48}},"8":{"start":{"line":12,"column":48},"end":{"line":12,"column":62}},"9":{"start":{"line":15,"column":32},"end":{"line":19,"column":null}},"10":{"start":{"line":17,"column":6},"end":{"line":17,"column":32}},"11":{"start":{"line":22,"column":29},"end":{"line":25,"column":3}},"12":{"start":{"line":23,"column":4},"end":{"line":23,"column":28}},"13":{"start":{"line":24,"column":4},"end":{"line":24,"column":42}},"14":{"start":{"line":28,"column":37},"end":{"line":33,"column":4}},"15":{"start":{"line":35,"column":25},"end":{"line":39,"column":3}},"16":{"start":{"line":36,"column":4},"end":{"line":38,"column":5}},"17":{"start":{"line":37,"column":6},"end":{"line":37,"column":42}},"18":{"start":{"line":37,"column":28},"end":{"line":37,"column":40}},"19":{"start":{"line":41,"column":29},"end":{"line":45,"column":3}},"20":{"start":{"line":42,"column":4},"end":{"line":44,"column":5}},"21":{"start":{"line":43,"column":6},"end":{"line":43,"column":42}},"22":{"start":{"line":43,"column":28},"end":{"line":43,"column":40}},"23":{"start":{"line":47,"column":2},"end":{"line":154,"column":4}},"24":{"start":{"line":62,"column":48},"end":{"line":62,"column":71}},"25":{"start":{"line":72,"column":29},"end":{"line":72,"column":57}},"26":{"start":{"line":139,"column":14},"end":{"line":139,"column":37}},"27":{"start":{"line":157,"column":0},"end":{"line":157,"column":25}}},"fnMap":{"0":{"name":"(anonymous_0)","decl":{"start":{"line":6,"column":18},"end":{"line":6,"column":21}},"loc":{"start":{"line":6,"column":23},"end":{"line":155,"column":1}}},"1":{"name":"(anonymous_1)","decl":{"start":{"line":16,"column":13},"end":{"line":16,"column":14}},"loc":{"start":{"line":16,"column":31},"end":{"line":18,"column":5}}},"2":{"name":"(anonymous_2)","decl":{"start":{"line":22,"column":29},"end":{"line":22,"column":30}},"loc":{"start":{"line":22,"column":72},"end":{"line":25,"column":3}}},"3":{"name":"(anonymous_3)","decl":{"start":{"line":35,"column":25},"end":{"line":35,"column":28}},"loc":{"start":{"line":35,"column":30},"end":{"line":39,"column":3}}},"4":{"name":"(anonymous_4)","decl":{"start":{"line":37,"column":14},"end":{"line":37,"column":15}},"loc":{"start":{"line":37,"column":28},"end":{"line":37,"column":40}}},"5":{"name":"(anonymous_5)","decl":{"start":{"line":41,"column":29},"end":{"line":41,"column":32}},"loc":{"start":{"line":41,"column":34},"end":{"line":45,"column":3}}},"6":{"name":"(anonymous_6)","decl":{"start":{"line":43,"column":14},"end":{"line":43,"column":15}},"loc":{"start":{"line":43,"column":28},"end":{"line":43,"column":40}}},"7":{"name":"(anonymous_7)","decl":{"start":{"line":62,"column":41},"end":{"line":62,"column":42}},"loc":{"start":{"line":62,"column":48},"end":{"line":62,"column":71}}},"8":{"name":"(anonymous_8)","decl":{"start":{"line":72,"column":22},"end":{"line":72,"column":23}},"loc":{"start":{"line":72,"column":29},"end":{"line":72,"column":57}}},"9":{"name":"(anonymous_9)","decl":{"start":{"line":138,"column":30},"end":{"line":138,"column":31}},"loc":{"start":{"line":139,"column":14},"end":{"line":139,"column":37}}}},"branchMap":{"0":{"loc":{"start":{"line":36,"column":4},"end":{"line":38,"column":5}},"type":"if","locations":[{"start":{"line":36,"column":4},"end":{"line":38,"column":5}}]},"1":{"loc":{"start":{"line":42,"column":4},"end":{"line":44,"column":5}},"type":"if","locations":[{"start":{"line":42,"column":4},"end":{"line":44,"column":5}}]},"2":{"loc":{"start":{"line":42,"column":8},"end":{"line":42,"column":35}},"type":"binary-expr","locations":[{"start":{"line":42,"column":8},"end":{"line":42,"column":23}},{"start":{"line":42,"column":27},"end":{"line":42,"column":35}}]},"3":{"loc":{"start":{"line":87,"column":20},"end":{"line":87,"column":50}},"type":"binary-expr","locations":[{"start":{"line":87,"column":20},"end":{"line":87,"column":36}},{"start":{"line":87,"column":40},"end":{"line":87,"column":50}}]},"4":{"loc":{"start":{"line":102,"column":11},"end":{"line":149,"column":null}},"type":"cond-expr","locations":[{"start":{"line":103,"column":12},"end":{"line":103,"column":29}},{"start":{"line":104,"column":14},"end":{"line":149,"column":null}}]},"5":{"loc":{"start":{"line":104,"column":14},"end":{"line":149,"column":null}},"type":"cond-expr","locations":[{"start":{"line":105,"column":12},"end":{"line":129,"column":null}},{"start":{"line":131,"column":14},"end":{"line":149,"column":null}}]},"6":{"loc":{"start":{"line":131,"column":14},"end":{"line":149,"column":null}},"type":"cond-expr","locations":[{"start":{"line":132,"column":12},"end":{"line":134,"column":null}},{"start":{"line":138,"column":12},"end":{"line":149,"column":14}}]}},"s":{"0":1,"1":1,"2":1,"3":1,"4":13,"5":13,"6":13,"7":13,"8":13,"9":13,"10":1,"11":13,"12":1,"13":1,"14":13,"15":13,"16":1,"17":1,"18":1,"19":13,"20":1,"21":1,"22":1,"23":13,"24":1,"25":1,"26":11,"27":1},"f":{"0":13,"1":1,"2":1,"3":1,"4":1,"5":1,"6":1,"7":1,"8":1,"9":11},"b":{"0":[1],"1":[1],"2":[1,1],"3":[13,1],"4":[1,12],"5":[1,11],"6":[1,10]}}
,"/Users/ronanoleary/code/rickandmorty-findest-rol/src/components/Modal.tsx": {"path":"/Users/ronanoleary/code/rickandmorty-findest-rol/src/components/Modal.tsx","statementMap":{"0":{"start":{"line":10,"column":14},"end":{"line":42,"column":1}},"1":{"start":{"line":11,"column":2},"end":{"line":13,"column":3}},"2":{"start":{"line":12,"column":4},"end":{"line":12,"column":16}},"3":{"start":{"line":15,"column":29},"end":{"line":19,"column":3}},"4":{"start":{"line":16,"column":4},"end":{"line":18,"column":5}},"5":{"start":{"line":17,"column":6},"end":{"line":17,"column":16}},"6":{"start":{"line":21,"column":2},"end":{"line":41,"column":4}},"7":{"start":{"line":31,"column":26},"end":{"line":31,"column":45}},"8":{"start":{"line":32,"column":31},"end":{"line":32,"column":50}},"9":{"start":{"line":44,"column":0},"end":{"line":44,"column":21}}},"fnMap":{"0":{"name":"(anonymous_0)","decl":{"start":{"line":10,"column":14},"end":{"line":10,"column":15}},"loc":{"start":{"line":10,"column":58},"end":{"line":42,"column":1}}},"1":{"name":"(anonymous_1)","decl":{"start":{"line":15,"column":29},"end":{"line":15,"column":30}},"loc":{"start":{"line":15,"column":69},"end":{"line":19,"column":3}}},"2":{"name":"(anonymous_2)","decl":{"start":{"line":31,"column":19},"end":{"line":31,"column":20}},"loc":{"start":{"line":31,"column":26},"end":{"line":31,"column":45}}},"3":{"name":"(anonymous_3)","decl":{"start":{"line":32,"column":24},"end":{"line":32,"column":25}},"loc":{"start":{"line":32,"column":31},"end":{"line":32,"column":50}}}},"branchMap":{"0":{"loc":{"start":{"line":11,"column":2},"end":{"line":13,"column":3}},"type":"if","locations":[{"start":{"line":11,"column":2},"end":{"line":13,"column":3}}]},"1":{"loc":{"start":{"line":16,"column":4},"end":{"line":18,"column":5}},"type":"if","locations":[{"start":{"line":16,"column":4},"end":{"line":18,"column":5}}]},"2":{"loc":{"start":{"line":23,"column":26},"end":{"line":23,"column":44}},"type":"cond-expr","locations":[{"start":{"line":23,"column":33},"end":{"line":23,"column":39}},{"start":{"line":23,"column":42},"end":{"line":23,"column":44}}]}},"s":{"0":3,"1":19,"2":18,"3":1,"4":0,"5":0,"6":1,"7":1,"8":0,"9":3},"f":{"0":19,"1":0,"2":1,"3":0},"b":{"0":[18],"1":[0],"2":[1,0]}}
,"/Users/ronanoleary/code/rickandmorty-findest-rol/src/components/Tabs/Tabs.tsx": {"path":"/Users/ronanoleary/code/rickandmorty-findest-rol/src/components/Tabs/Tabs.tsx","statementMap":{"0":{"start":{"line":1,"column":0},"end":{"line":1,"column":51}},"1":{"start":{"line":2,"column":0},"end":{"line":2,"column":39}},"2":{"start":{"line":3,"column":0},"end":{"line":3,"column":37}},"3":{"start":{"line":4,"column":0},"end":{"line":4,"column":35}},"4":{"start":{"line":5,"column":0},"end":{"line":5,"column":33}},"5":{"start":{"line":6,"column":0},"end":{"line":6,"column":47}},"6":{"start":{"line":9,"column":26},"end":{"line":11,"column":1}},"7":{"start":{"line":10,"column":2},"end":{"line":10,"column":60}},"8":{"start":{"line":13,"column":13},"end":{"line":86,"column":1}},"9":{"start":{"line":14,"column":36},"end":{"line":14,"column":59}},"10":{"start":{"line":15,"column":36},"end":{"line":15,"column":58}},"11":{"start":{"line":16,"column":33},"end":{"line":16,"column":52}},"12":{"start":{"line":17,"column":19},"end":{"line":17,"column":32}},"13":{"start":{"line":19,"column":23},"end":{"line":21,"column":3}},"14":{"start":{"line":20,"column":4},"end":{"line":20,"column":16}},"15":{"start":{"line":23,"column":2},"end":{"line":34,"column":9}},"16":{"start":{"line":24,"column":33},"end":{"line":31,"column":5}},"17":{"start":{"line":25,"column":6},"end":{"line":30,"column":9}},"18":{"start":{"line":26,"column":8},"end":{"line":29,"column":17}},"19":{"start":{"line":27,"column":10},"end":{"line":27,"column":30}},"20":{"start":{"line":28,"column":10},"end":{"line":28,"column":20}},"21":{"start":{"line":33,"column":4},"end":{"line":33,"column":27}},"22":{"start":{"line":37,"column":20},"end":{"line":45,"column":3}},"23":{"start":{"line":38,"column":4},"end":{"line":44,"column":5}},"24":{"start":{"line":39,"column":6},"end":{"line":41,"column":9}},"25":{"start":{"line":40,"column":8},"end":{"line":40,"column":29}},"26":{"start":{"line":43,"column":6},"end":{"line":43,"column":27}},"27":{"start":{"line":47,"column":2},"end":{"line":85,"column":4}},"28":{"start":{"line":51,"column":25},"end":{"line":51,"column":48}},"29":{"start":{"line":57,"column":25},"end":{"line":57,"column":47}},"30":{"start":{"line":63,"column":25},"end":{"line":63,"column":46}},"31":{"start":{"line":88,"column":0},"end":{"line":88,"column":20}}},"fnMap":{"0":{"name":"(anonymous_1)","decl":{"start":{"line":9,"column":26},"end":{"line":9,"column":29}},"loc":{"start":{"line":9,"column":31},"end":{"line":11,"column":1}}},"1":{"name":"(anonymous_2)","decl":{"start":{"line":13,"column":13},"end":{"line":13,"column":16}},"loc":{"start":{"line":13,"column":18},"end":{"line":86,"column":1}}},"2":{"name":"(anonymous_3)","decl":{"start":{"line":19,"column":23},"end":{"line":19,"column":26}},"loc":{"start":{"line":19,"column":28},"end":{"line":21,"column":3}}},"3":{"name":"(anonymous_4)","decl":{"start":{"line":23,"column":12},"end":{"line":23,"column":15}},"loc":{"start":{"line":23,"column":17},"end":{"line":34,"column":3}}},"4":{"name":"(anonymous_5)","decl":{"start":{"line":24,"column":33},"end":{"line":24,"column":36}},"loc":{"start":{"line":24,"column":38},"end":{"line":31,"column":5}}},"5":{"name":"(anonymous_6)","decl":{"start":{"line":25,"column":31},"end":{"line":25,"column":32}},"loc":{"start":{"line":25,"column":43},"end":{"line":30,"column":7}}},"6":{"name":"(anonymous_7)","decl":{"start":{"line":26,"column":19},"end":{"line":26,"column":22}},"loc":{"start":{"line":26,"column":24},"end":{"line":29,"column":9}}},"7":{"name":"(anonymous_8)","decl":{"start":{"line":37,"column":20},"end":{"line":37,"column":21}},"loc":{"start":{"line":37,"column":39},"end":{"line":45,"column":3}}},"8":{"name":"(anonymous_9)","decl":{"start":{"line":39,"column":35},"end":{"line":39,"column":38}},"loc":{"start":{"line":39,"column":40},"end":{"line":41,"column":7}}},"9":{"name":"(anonymous_10)","decl":{"start":{"line":51,"column":19},"end":{"line":51,"column":22}},"loc":{"start":{"line":51,"column":25},"end":{"line":51,"column":48}}},"10":{"name":"(anonymous_11)","decl":{"start":{"line":57,"column":19},"end":{"line":57,"column":22}},"loc":{"start":{"line":57,"column":25},"end":{"line":57,"column":47}}},"11":{"name":"(anonymous_12)","decl":{"start":{"line":63,"column":19},"end":{"line":63,"column":22}},"loc":{"start":{"line":63,"column":25},"end":{"line":63,"column":46}}}},"branchMap":{"0":{"loc":{"start":{"line":38,"column":4},"end":{"line":44,"column":5}},"type":"if","locations":[{"start":{"line":38,"column":4},"end":{"line":44,"column":5}},{"start":{"line":42,"column":11},"end":{"line":44,"column":5}}]},"1":{"loc":{"start":{"line":52,"column":35},"end":{"line":52,"column":73}},"type":"binary-expr","locations":[{"start":{"line":52,"column":35},"end":{"line":52,"column":61}},{"start":{"line":52,"column":65},"end":{"line":52,"column":73}}]},"2":{"loc":{"start":{"line":58,"column":35},"end":{"line":58,"column":72}},"type":"binary-expr","locations":[{"start":{"line":58,"column":35},"end":{"line":58,"column":60}},{"start":{"line":58,"column":64},"end":{"line":58,"column":72}}]},"3":{"loc":{"start":{"line":64,"column":35},"end":{"line":64,"column":71}},"type":"binary-expr","locations":[{"start":{"line":64,"column":35},"end":{"line":64,"column":59}},{"start":{"line":64,"column":63},"end":{"line":64,"column":71}}]},"4":{"loc":{"start":{"line":73,"column":7},"end":{"line":82,"column":null}},"type":"cond-expr","locations":[{"start":{"line":74,"column":8},"end":{"line":75,"column":null}},{"start":{"line":78,"column":8},"end":{"line":81,"column":null}}]},"5":{"loc":{"start":{"line":79,"column":11},"end":{"line":79,"column":55}},"type":"binary-expr","locations":[{"start":{"line":79,"column":11},"end":{"line":79,"column":37}},{"start":{"line":79,"column":41},"end":{"line":79,"column":55}}]},"6":{"loc":{"start":{"line":80,"column":11},"end":{"line":80,"column":53}},"type":"binary-expr","locations":[{"start":{"line":80,"column":11},"end":{"line":80,"column":36}},{"start":{"line":80,"column":40},"end":{"line":80,"column":53}}]},"7":{"loc":{"start":{"line":81,"column":11},"end":{"line":81,"column":51}},"type":"binary-expr","locations":[{"start":{"line":81,"column":11},"end":{"line":81,"column":35}},{"start":{"line":81,"column":39},"end":{"line":81,"column":51}}]}},"s":{"0":1,"1":1,"2":1,"3":1,"4":1,"5":1,"6":1,"7":6,"8":1,"9":6,"10":6,"11":6,"12":6,"13":6,"14":0,"15":6,"16":2,"17":2,"18":2,"19":2,"20":2,"21":2,"22":6,"23":2,"24":0,"25":0,"26":2,"27":6,"28":0,"29":1,"30":1,"31":1},"f":{"0":6,"1":6,"2":0,"3":2,"4":2,"5":2,"6":2,"7":2,"8":0,"9":0,"10":1,"11":1},"b":{"0":[0,2],"1":[6,4],"2":[6,1],"3":[6,1],"4":[2,4],"5":[4,2],"6":[4,1],"7":[4,1]}}
,"/Users/ronanoleary/code/rickandmorty-findest-rol/src/hooks/useUpdateEffect.ts": {"path":"/Users/ronanoleary/code/rickandmorty-findest-rol/src/hooks/useUpdateEffect.ts","statementMap":{"0":{"start":{"line":1,"column":0},"end":{"line":1,"column":42}},"1":{"start":{"line":6,"column":24},"end":{"line":20,"column":1}},"2":{"start":{"line":11,"column":18},"end":{"line":11,"column":35}},"3":{"start":{"line":12,"column":2},"end":{"line":19,"column":11}},"4":{"start":{"line":13,"column":4},"end":{"line":18,"column":5}},"5":{"start":{"line":15,"column":6},"end":{"line":15,"column":29}},"6":{"start":{"line":17,"column":6},"end":{"line":17,"column":15}},"7":{"start":{"line":22,"column":0},"end":{"line":22,"column":31}}},"fnMap":{"0":{"name":"(anonymous_0)","decl":{"start":{"line":6,"column":24},"end":{"line":6,"column":null}},"loc":{"start":{"line":10,"column":10},"end":{"line":20,"column":1}}},"1":{"name":"(anonymous_1)","decl":{"start":{"line":12,"column":12},"end":{"line":12,"column":15}},"loc":{"start":{"line":12,"column":17},"end":{"line":19,"column":3}}}},"branchMap":{"0":{"loc":{"start":{"line":9,"column":2},"end":{"line":9,"column":37}},"type":"default-arg","locations":[{"start":{"line":9,"column":28},"end":{"line":9,"column":37}}]},"1":{"loc":{"start":{"line":13,"column":4},"end":{"line":18,"column":5}},"type":"if","locations":[{"start":{"line":13,"column":4},"end":{"line":18,"column":5}},{"start":{"line":16,"column":11},"end":{"line":18,"column":5}}]}},"s":{"0":1,"1":1,"2":7,"3":7,"4":5,"5":2,"6":3,"7":1},"f":{"0":7,"1":5},"b":{"0":[3],"1":[2,3]}}
}
