{"/Users/ronanoleary/code/rickandmorty-findest-rol/src/components/CharacterCard.tsx": {"path":"/Users/ronanoleary/code/rickandmorty-findest-rol/src/components/CharacterCard.tsx","statementMap":{"0":{"start":{"line":3,"column":0},"end":{"line":3,"column":33}},"1":{"start":{"line":4,"column":0},"end":{"line":4,"column":28}},"2":{"start":{"line":21,"column":22},"end":{"line":57,"column":1}},"3":{"start":{"line":22,"column":40},"end":{"line":22,"column":55}},"4":{"start":{"line":25,"column":20},"end":{"line":29,"column":3}},"5":{"start":{"line":26,"column":4},"end":{"line":28,"column":7}},"6":{"start":{"line":27,"column":6},"end":{"line":27,"column":27}},"7":{"start":{"line":31,"column":21},"end":{"line":35,"column":3}},"8":{"start":{"line":32,"column":4},"end":{"line":34,"column":7}},"9":{"start":{"line":33,"column":6},"end":{"line":33,"column":28}},"10":{"start":{"line":37,"column":2},"end":{"line":56,"column":4}},"11":{"start":{"line":38,"column":24},"end":{"line":38,"column":47}},"12":{"start":{"line":59,"column":0},"end":{"line":59,"column":29}}},"fnMap":{"0":{"name":"(anonymous_1)","decl":{"start":{"line":21,"column":22},"end":{"line":21,"column":23}},"loc":{"start":{"line":21,"column":72},"end":{"line":57,"column":1}}},"1":{"name":"(anonymous_2)","decl":{"start":{"line":25,"column":20},"end":{"line":25,"column":21}},"loc":{"start":{"line":25,"column":32},"end":{"line":29,"column":3}}},"2":{"name":"(anonymous_3)","decl":{"start":{"line":26,"column":33},"end":{"line":26,"column":36}},"loc":{"start":{"line":26,"column":38},"end":{"line":28,"column":5}}},"3":{"name":"(anonymous_4)","decl":{"start":{"line":31,"column":21},"end":{"line":31,"column":24}},"loc":{"start":{"line":31,"column":26},"end":{"line":35,"column":3}}},"4":{"name":"(anonymous_5)","decl":{"start":{"line":32,"column":33},"end":{"line":32,"column":36}},"loc":{"start":{"line":32,"column":38},"end":{"line":34,"column":5}}},"5":{"name":"(anonymous_6)","decl":{"start":{"line":38,"column":18},"end":{"line":38,"column":21}},"loc":{"start":{"line":38,"column":24},"end":{"line":38,"column":47}}}},"branchMap":{},"s":{"0":2,"1":2,"2":2,"3":22,"4":22,"5":1,"6":1,"7":22,"8":0,"9":0,"10":22,"11":1,"12":2},"f":{"0":22,"1":1,"2":1,"3":0,"4":0,"5":1},"b":{}}
,"/Users/ronanoleary/code/rickandmorty-findest-rol/src/components/Characters.tsx": {"path":"/Users/ronanoleary/code/rickandmorty-findest-rol/src/components/Characters.tsx","statementMap":{"0":{"start":{"line":2,"column":0},"end":{"line":2,"column":46}},"1":{"start":{"line":3,"column":0},"end":{"line":3,"column":34}},"2":{"start":{"line":4,"column":0},"end":{"line":4,"column":null}},"3":{"start":{"line":10,"column":0},"end":{"line":10,"column":44}},"4":{"start":{"line":12,"column":19},"end":{"line":178,"column":1}},"5":{"start":{"line":13,"column":26},"end":{"line":13,"column":37}},"6":{"start":{"line":14,"column":38},"end":{"line":14,"column":50}},"7":{"start":{"line":15,"column":32},"end":{"line":15,"column":44}},"8":{"start":{"line":16,"column":30},"end":{"line":16,"column":42}},"9":{"start":{"line":17,"column":30},"end":{"line":17,"column":42}},"10":{"start":{"line":18,"column":30},"end":{"line":18,"column":42}},"11":{"start":{"line":19,"column":34},"end":{"line":19,"column":46}},"12":{"start":{"line":21,"column":48},"end":{"line":21,"column":68}},"13":{"start":{"line":24,"column":32},"end":{"line":28,"column":null}},"14":{"start":{"line":26,"column":6},"end":{"line":26,"column":32}},"15":{"start":{"line":31,"column":29},"end":{"line":34,"column":3}},"16":{"start":{"line":32,"column":4},"end":{"line":32,"column":34}},"17":{"start":{"line":33,"column":4},"end":{"line":33,"column":42}},"18":{"start":{"line":37,"column":37},"end":{"line":43,"column":4}},"19":{"start":{"line":46,"column":32},"end":{"line":46,"column":58}},"20":{"start":{"line":47,"column":31},"end":{"line":47,"column":57}},"21":{"start":{"line":48,"column":33},"end":{"line":48,"column":61}},"22":{"start":{"line":52,"column":29},"end":{"line":56,"column":4}},"23":{"start":{"line":53,"column":26},"end":{"line":53,"column":80}},"24":{"start":{"line":54,"column":28},"end":{"line":54,"column":88}},"25":{"start":{"line":55,"column":4},"end":{"line":55,"column":44}},"26":{"start":{"line":58,"column":25},"end":{"line":62,"column":3}},"27":{"start":{"line":59,"column":4},"end":{"line":61,"column":5}},"28":{"start":{"line":60,"column":6},"end":{"line":60,"column":42}},"29":{"start":{"line":60,"column":28},"end":{"line":60,"column":40}},"30":{"start":{"line":64,"column":29},"end":{"line":68,"column":3}},"31":{"start":{"line":65,"column":4},"end":{"line":67,"column":5}},"32":{"start":{"line":66,"column":6},"end":{"line":66,"column":42}},"33":{"start":{"line":66,"column":28},"end":{"line":66,"column":40}},"34":{"start":{"line":70,"column":2},"end":{"line":177,"column":4}},"35":{"start":{"line":85,"column":51},"end":{"line":85,"column":77}},"36":{"start":{"line":88,"column":14},"end":{"line":88,"column":32}},"37":{"start":{"line":95,"column":50},"end":{"line":95,"column":75}},"38":{"start":{"line":102,"column":50},"end":{"line":102,"column":75}},"39":{"start":{"line":110,"column":50},"end":{"line":110,"column":75}},"40":{"start":{"line":113,"column":14},"end":{"line":113,"column":32}},"41":{"start":{"line":120,"column":52},"end":{"line":120,"column":79}},"42":{"start":{"line":123,"column":14},"end":{"line":123,"column":32}},"43":{"start":{"line":171,"column":14},"end":{"line":171,"column":48}},"44":{"start":{"line":180,"column":0},"end":{"line":180,"column":26}}},"fnMap":{"0":{"name":"(anonymous_1)","decl":{"start":{"line":12,"column":19},"end":{"line":12,"column":22}},"loc":{"start":{"line":12,"column":24},"end":{"line":178,"column":1}}},"1":{"name":"(anonymous_2)","decl":{"start":{"line":25,"column":13},"end":{"line":25,"column":14}},"loc":{"start":{"line":25,"column":31},"end":{"line":27,"column":5}}},"2":{"name":"(anonymous_3)","decl":{"start":{"line":31,"column":29},"end":{"line":31,"column":30}},"loc":{"start":{"line":31,"column":72},"end":{"line":34,"column":3}}},"3":{"name":"(anonymous_4)","decl":{"start":{"line":52,"column":51},"end":{"line":52,"column":52}},"loc":{"start":{"line":52,"column":70},"end":{"line":56,"column":3}}},"4":{"name":"(anonymous_5)","decl":{"start":{"line":58,"column":25},"end":{"line":58,"column":28}},"loc":{"start":{"line":58,"column":30},"end":{"line":62,"column":3}}},"5":{"name":"(anonymous_6)","decl":{"start":{"line":60,"column":14},"end":{"line":60,"column":15}},"loc":{"start":{"line":60,"column":28},"end":{"line":60,"column":40}}},"6":{"name":"(anonymous_7)","decl":{"start":{"line":64,"column":29},"end":{"line":64,"column":32}},"loc":{"start":{"line":64,"column":34},"end":{"line":68,"column":3}}},"7":{"name":"(anonymous_8)","decl":{"start":{"line":66,"column":14},"end":{"line":66,"column":15}},"loc":{"start":{"line":66,"column":28},"end":{"line":66,"column":40}}},"8":{"name":"(anonymous_9)","decl":{"start":{"line":85,"column":44},"end":{"line":85,"column":45}},"loc":{"start":{"line":85,"column":51},"end":{"line":85,"column":77}}},"9":{"name":"(anonymous_10)","decl":{"start":{"line":87,"column":30},"end":{"line":87,"column":31}},"loc":{"start":{"line":88,"column":14},"end":{"line":88,"column":32}}},"10":{"name":"(anonymous_11)","decl":{"start":{"line":95,"column":43},"end":{"line":95,"column":44}},"loc":{"start":{"line":95,"column":50},"end":{"line":95,"column":75}}},"11":{"name":"(anonymous_12)","decl":{"start":{"line":102,"column":43},"end":{"line":102,"column":44}},"loc":{"start":{"line":102,"column":50},"end":{"line":102,"column":75}}},"12":{"name":"(anonymous_13)","decl":{"start":{"line":110,"column":43},"end":{"line":110,"column":44}},"loc":{"start":{"line":110,"column":50},"end":{"line":110,"column":75}}},"13":{"name":"(anonymous_14)","decl":{"start":{"line":112,"column":29},"end":{"line":112,"column":30}},"loc":{"start":{"line":113,"column":14},"end":{"line":113,"column":32}}},"14":{"name":"(anonymous_15)","decl":{"start":{"line":120,"column":45},"end":{"line":120,"column":46}},"loc":{"start":{"line":120,"column":52},"end":{"line":120,"column":79}}},"15":{"name":"(anonymous_16)","decl":{"start":{"line":122,"column":31},"end":{"line":122,"column":32}},"loc":{"start":{"line":123,"column":14},"end":{"line":123,"column":32}}},"16":{"name":"(anonymous_17)","decl":{"start":{"line":170,"column":36},"end":{"line":170,"column":37}},"loc":{"start":{"line":171,"column":14},"end":{"line":171,"column":48}}}},"branchMap":{"0":{"loc":{"start":{"line":53,"column":26},"end":{"line":53,"column":80}},"type":"cond-expr","locations":[{"start":{"line":53,"column":35},"end":{"line":53,"column":73}},{"start":{"line":53,"column":76},"end":{"line":53,"column":80}}]},"1":{"loc":{"start":{"line":54,"column":28},"end":{"line":54,"column":88}},"type":"cond-expr","locations":[{"start":{"line":54,"column":39},"end":{"line":54,"column":81}},{"start":{"line":54,"column":84},"end":{"line":54,"column":88}}]},"2":{"loc":{"start":{"line":55,"column":11},"end":{"line":55,"column":43}},"type":"binary-expr","locations":[{"start":{"line":55,"column":11},"end":{"line":55,"column":24}},{"start":{"line":55,"column":28},"end":{"line":55,"column":43}}]},"3":{"loc":{"start":{"line":59,"column":4},"end":{"line":61,"column":5}},"type":"if","locations":[{"start":{"line":59,"column":4},"end":{"line":61,"column":5}}]},"4":{"loc":{"start":{"line":65,"column":4},"end":{"line":67,"column":5}},"type":"if","locations":[{"start":{"line":65,"column":4},"end":{"line":67,"column":5}}]},"5":{"loc":{"start":{"line":65,"column":8},"end":{"line":65,"column":35}},"type":"binary-expr","locations":[{"start":{"line":65,"column":8},"end":{"line":65,"column":23}},{"start":{"line":65,"column":27},"end":{"line":65,"column":35}}]},"6":{"loc":{"start":{"line":133,"column":55},"end":{"line":133,"column":86}},"type":"binary-expr","locations":[{"start":{"line":133,"column":55},"end":{"line":133,"column":72}},{"start":{"line":133,"column":76},"end":{"line":133,"column":86}}]},"7":{"loc":{"start":{"line":145,"column":11},"end":{"line":172,"column":null}},"type":"cond-expr","locations":[{"start":{"line":146,"column":12},"end":{"line":146,"column":29}},{"start":{"line":147,"column":14},"end":{"line":172,"column":null}}]},"8":{"loc":{"start":{"line":147,"column":14},"end":{"line":172,"column":null}},"type":"cond-expr","locations":[{"start":{"line":148,"column":12},"end":{"line":162,"column":null}},{"start":{"line":164,"column":14},"end":{"line":172,"column":null}}]},"9":{"loc":{"start":{"line":164,"column":14},"end":{"line":172,"column":null}},"type":"cond-expr","locations":[{"start":{"line":165,"column":12},"end":{"line":167,"column":85}},{"start":{"line":170,"column":12},"end":{"line":172,"column":14}}]}},"s":{"0":1,"1":1,"2":1,"3":1,"4":1,"5":9,"6":9,"7":9,"8":9,"9":9,"10":9,"11":9,"12":9,"13":9,"14":1,"15":9,"16":1,"17":1,"18":9,"19":9,"20":9,"21":9,"22":9,"23":18,"24":18,"25":18,"26":9,"27":1,"28":1,"29":1,"30":9,"31":0,"32":0,"33":0,"34":9,"35":1,"36":18,"37":0,"38":0,"39":0,"40":18,"41":0,"42":9,"43":18,"44":1},"f":{"0":9,"1":1,"2":1,"3":18,"4":1,"5":1,"6":0,"7":0,"8":1,"9":18,"10":0,"11":0,"12":0,"13":18,"14":0,"15":9,"16":18},"b":{"0":[0,18],"1":[0,18],"2":[18,18],"3":[1],"4":[0],"5":[0,0],"6":[9,0],"7":[0,9],"8":[0,9],"9":[0,9]}}
,"/Users/ronanoleary/code/rickandmorty-findest-rol/src/components/Episodes.tsx": {"path":"/Users/ronanoleary/code/rickandmorty-findest-rol/src/components/Episodes.tsx","statementMap":{"0":{"start":{"line":3,"column":0},"end":{"line":3,"column":67}},"1":{"start":{"line":4,"column":0},"end":{"line":4,"column":34}},"2":{"start":{"line":5,"column":0},"end":{"line":5,"column":40}},"3":{"start":{"line":6,"column":0},"end":{"line":6,"column":null}},"4":{"start":{"line":13,"column":17},"end":{"line":230,"column":1}},"5":{"start":{"line":14,"column":26},"end":{"line":14,"column":37}},"6":{"start":{"line":15,"column":26},"end":{"line":15,"column":38}},"7":{"start":{"line":16,"column":30},"end":{"line":16,"column":59}},"8":{"start":{"line":17,"column":44},"end":{"line":17,"column":73}},"9":{"start":{"line":18,"column":40},"end":{"line":18,"column":55}},"10":{"start":{"line":19,"column":52},"end":{"line":19,"column":71}},"11":{"start":{"line":20,"column":38},"end":{"line":20,"column":50}},"12":{"start":{"line":21,"column":48},"end":{"line":21,"column":62}},"13":{"start":{"line":22,"column":52},"end":{"line":22,"column":92}},"14":{"start":{"line":25,"column":32},"end":{"line":29,"column":null}},"15":{"start":{"line":27,"column":6},"end":{"line":27,"column":32}},"16":{"start":{"line":32,"column":29},"end":{"line":36,"column":3}},"17":{"start":{"line":33,"column":4},"end":{"line":33,"column":28}},"18":{"start":{"line":34,"column":4},"end":{"line":34,"column":34}},"19":{"start":{"line":35,"column":4},"end":{"line":35,"column":42}},"20":{"start":{"line":39,"column":65},"end":{"line":43,"column":59}},"21":{"start":{"line":45,"column":50},"end":{"line":47,"column":8}},"22":{"start":{"line":49,"column":20},"end":{"line":52,"column":3}},"23":{"start":{"line":50,"column":4},"end":{"line":50,"column":36}},"24":{"start":{"line":51,"column":4},"end":{"line":51,"column":25}},"25":{"start":{"line":54,"column":21},"end":{"line":54,"column":48}},"26":{"start":{"line":54,"column":27},"end":{"line":54,"column":48}},"27":{"start":{"line":56,"column":26},"end":{"line":56,"column":92}},"28":{"start":{"line":56,"column":32},"end":{"line":56,"column":92}},"29":{"start":{"line":59,"column":32},"end":{"line":76,"column":3}},"30":{"start":{"line":60,"column":25},"end":{"line":60,"column":73}},"31":{"start":{"line":60,"column":52},"end":{"line":60,"column":72}},"32":{"start":{"line":61,"column":34},"end":{"line":73,"column":null}},"33":{"start":{"line":63,"column":25},"end":{"line":63,"column":87}},"34":{"start":{"line":64,"column":30},"end":{"line":64,"column":51}},"35":{"start":{"line":65,"column":8},"end":{"line":72,"column":10}},"36":{"start":{"line":75,"column":4},"end":{"line":75,"column":85}},"37":{"start":{"line":75,"column":35},"end":{"line":75,"column":82}},"38":{"start":{"line":78,"column":2},"end":{"line":84,"column":13}},"39":{"start":{"line":79,"column":4},"end":{"line":83,"column":5}},"40":{"start":{"line":80,"column":6},"end":{"line":82,"column":9}},"41":{"start":{"line":81,"column":8},"end":{"line":81,"column":62}},"42":{"start":{"line":86,"column":25},"end":{"line":90,"column":3}},"43":{"start":{"line":87,"column":4},"end":{"line":89,"column":5}},"44":{"start":{"line":88,"column":6},"end":{"line":88,"column":42}},"45":{"start":{"line":88,"column":28},"end":{"line":88,"column":40}},"46":{"start":{"line":92,"column":29},"end":{"line":96,"column":3}},"47":{"start":{"line":93,"column":4},"end":{"line":95,"column":5}},"48":{"start":{"line":94,"column":6},"end":{"line":94,"column":42}},"49":{"start":{"line":94,"column":28},"end":{"line":94,"column":40}},"50":{"start":{"line":98,"column":29},"end":{"line":101,"column":3}},"51":{"start":{"line":99,"column":4},"end":{"line":99,"column":30}},"52":{"start":{"line":100,"column":4},"end":{"line":100,"column":15}},"53":{"start":{"line":103,"column":30},"end":{"line":105,"column":3}},"54":{"start":{"line":104,"column":4},"end":{"line":104,"column":37}},"55":{"start":{"line":108,"column":30},"end":{"line":113,"column":3}},"56":{"start":{"line":109,"column":4},"end":{"line":112,"column":8}},"57":{"start":{"line":109,"column":41},"end":{"line":112,"column":6}},"58":{"start":{"line":115,"column":2},"end":{"line":229,"column":4}},"59":{"start":{"line":135,"column":18},"end":{"line":135,"column":40}},"60":{"start":{"line":177,"column":14},"end":{"line":177,"column":36}},"61":{"start":{"line":189,"column":28},"end":{"line":189,"column":null}},"62":{"start":{"line":190,"column":50},"end":{"line":190,"column":70}},"63":{"start":{"line":205,"column":43},"end":{"line":205,"column":74}},"64":{"start":{"line":232,"column":0},"end":{"line":232,"column":24}}},"fnMap":{"0":{"name":"(anonymous_1)","decl":{"start":{"line":13,"column":17},"end":{"line":13,"column":20}},"loc":{"start":{"line":13,"column":22},"end":{"line":230,"column":1}}},"1":{"name":"(anonymous_2)","decl":{"start":{"line":26,"column":13},"end":{"line":26,"column":14}},"loc":{"start":{"line":26,"column":31},"end":{"line":28,"column":5}}},"2":{"name":"(anonymous_3)","decl":{"start":{"line":32,"column":29},"end":{"line":32,"column":30}},"loc":{"start":{"line":32,"column":72},"end":{"line":36,"column":3}}},"3":{"name":"(anonymous_4)","decl":{"start":{"line":49,"column":20},"end":{"line":49,"column":21}},"loc":{"start":{"line":49,"column":39},"end":{"line":52,"column":3}}},"4":{"name":"(anonymous_5)","decl":{"start":{"line":54,"column":21},"end":{"line":54,"column":24}},"loc":{"start":{"line":54,"column":27},"end":{"line":54,"column":48}}},"5":{"name":"(anonymous_6)","decl":{"start":{"line":56,"column":26},"end":{"line":56,"column":29}},"loc":{"start":{"line":56,"column":32},"end":{"line":56,"column":92}}},"6":{"name":"(anonymous_7)","decl":{"start":{"line":59,"column":32},"end":{"line":59,"column":37}},"loc":{"start":{"line":59,"column":85},"end":{"line":76,"column":3}}},"7":{"name":"(anonymous_8)","decl":{"start":{"line":60,"column":43},"end":{"line":60,"column":44}},"loc":{"start":{"line":60,"column":52},"end":{"line":60,"column":72}}},"8":{"name":"(anonymous_9)","decl":{"start":{"line":62,"column":23},"end":{"line":62,"column":28}},"loc":{"start":{"line":62,"column":36},"end":{"line":73,"column":7}}},"9":{"name":"(anonymous_10)","decl":{"start":{"line":75,"column":24},"end":{"line":75,"column":25}},"loc":{"start":{"line":75,"column":35},"end":{"line":75,"column":82}}},"10":{"name":"(anonymous_11)","decl":{"start":{"line":78,"column":12},"end":{"line":78,"column":15}},"loc":{"start":{"line":78,"column":17},"end":{"line":84,"column":3}}},"11":{"name":"(anonymous_12)","decl":{"start":{"line":80,"column":27},"end":{"line":80,"column":28}},"loc":{"start":{"line":80,"column":44},"end":{"line":82,"column":7}}},"12":{"name":"(anonymous_13)","decl":{"start":{"line":86,"column":25},"end":{"line":86,"column":28}},"loc":{"start":{"line":86,"column":30},"end":{"line":90,"column":3}}},"13":{"name":"(anonymous_14)","decl":{"start":{"line":88,"column":14},"end":{"line":88,"column":15}},"loc":{"start":{"line":88,"column":28},"end":{"line":88,"column":40}}},"14":{"name":"(anonymous_15)","decl":{"start":{"line":92,"column":29},"end":{"line":92,"column":32}},"loc":{"start":{"line":92,"column":34},"end":{"line":96,"column":3}}},"15":{"name":"(anonymous_16)","decl":{"start":{"line":94,"column":14},"end":{"line":94,"column":15}},"loc":{"start":{"line":94,"column":28},"end":{"line":94,"column":40}}},"16":{"name":"(anonymous_17)","decl":{"start":{"line":98,"column":29},"end":{"line":98,"column":30}},"loc":{"start":{"line":98,"column":73},"end":{"line":101,"column":3}}},"17":{"name":"(anonymous_18)","decl":{"start":{"line":103,"column":30},"end":{"line":103,"column":31}},"loc":{"start":{"line":103,"column":74},"end":{"line":105,"column":3}}},"18":{"name":"(anonymous_19)","decl":{"start":{"line":108,"column":30},"end":{"line":108,"column":31}},"loc":{"start":{"line":108,"column":52},"end":{"line":113,"column":3}}},"19":{"name":"(anonymous_20)","decl":{"start":{"line":109,"column":25},"end":{"line":109,"column":26}},"loc":{"start":{"line":109,"column":41},"end":{"line":112,"column":6}}},"20":{"name":"(anonymous_21)","decl":{"start":{"line":134,"column":36},"end":{"line":134,"column":37}},"loc":{"start":{"line":135,"column":18},"end":{"line":135,"column":40}}},"21":{"name":"(anonymous_22)","decl":{"start":{"line":176,"column":31},"end":{"line":176,"column":32}},"loc":{"start":{"line":177,"column":14},"end":{"line":177,"column":36}}},"22":{"name":"(anonymous_23)","decl":{"start":{"line":188,"column":31},"end":{"line":188,"column":32}},"loc":{"start":{"line":189,"column":28},"end":{"line":189,"column":null}}},"23":{"name":"(anonymous_24)","decl":{"start":{"line":190,"column":44},"end":{"line":190,"column":47}},"loc":{"start":{"line":190,"column":50},"end":{"line":190,"column":70}}},"24":{"name":"(anonymous_25)","decl":{"start":{"line":205,"column":37},"end":{"line":205,"column":40}},"loc":{"start":{"line":205,"column":43},"end":{"line":205,"column":74}}}},"branchMap":{"0":{"loc":{"start":{"line":39,"column":10},"end":{"line":39,"column":42}},"type":"default-arg","locations":[{"start":{"line":39,"column":17},"end":{"line":39,"column":42}}]},"1":{"loc":{"start":{"line":39,"column":65},"end":{"line":43,"column":59}},"type":"cond-expr","locations":[{"start":{"line":40,"column":4},"end":{"line":42,"column":61}},{"start":{"line":43,"column":4},"end":{"line":43,"column":59}}]},"2":{"loc":{"start":{"line":40,"column":4},"end":{"line":42,"column":61}},"type":"cond-expr","locations":[{"start":{"line":41,"column":6},"end":{"line":41,"column":102}},{"start":{"line":42,"column":6},"end":{"line":42,"column":61}}]},"3":{"loc":{"start":{"line":66,"column":16},"end":{"line":66,"column":47}},"type":"binary-expr","locations":[{"start":{"line":66,"column":16},"end":{"line":66,"column":34}},{"start":{"line":66,"column":38},"end":{"line":66,"column":47}}]},"4":{"loc":{"start":{"line":67,"column":17},"end":{"line":67,"column":42}},"type":"binary-expr","locations":[{"start":{"line":67,"column":17},"end":{"line":67,"column":36}},{"start":{"line":67,"column":40},"end":{"line":67,"column":42}}]},"5":{"loc":{"start":{"line":68,"column":15},"end":{"line":68,"column":38}},"type":"binary-expr","locations":[{"start":{"line":68,"column":15},"end":{"line":68,"column":32}},{"start":{"line":68,"column":36},"end":{"line":68,"column":38}}]},"6":{"loc":{"start":{"line":69,"column":19},"end":{"line":69,"column":53}},"type":"binary-expr","locations":[{"start":{"line":69,"column":19},"end":{"line":69,"column":40}},{"start":{"line":69,"column":44},"end":{"line":69,"column":53}}]},"7":{"loc":{"start":{"line":70,"column":18},"end":{"line":70,"column":54}},"type":"binary-expr","locations":[{"start":{"line":70,"column":18},"end":{"line":70,"column":43}},{"start":{"line":70,"column":47},"end":{"line":70,"column":54}}]},"8":{"loc":{"start":{"line":71,"column":20},"end":{"line":71,"column":58}},"type":"binary-expr","locations":[{"start":{"line":71,"column":20},"end":{"line":71,"column":47}},{"start":{"line":71,"column":51},"end":{"line":71,"column":58}}]},"9":{"loc":{"start":{"line":79,"column":4},"end":{"line":83,"column":5}},"type":"if","locations":[{"start":{"line":79,"column":4},"end":{"line":83,"column":5}}]},"10":{"loc":{"start":{"line":87,"column":4},"end":{"line":89,"column":5}},"type":"if","locations":[{"start":{"line":87,"column":4},"end":{"line":89,"column":5}}]},"11":{"loc":{"start":{"line":93,"column":4},"end":{"line":95,"column":5}},"type":"if","locations":[{"start":{"line":93,"column":4},"end":{"line":95,"column":5}}]},"12":{"loc":{"start":{"line":93,"column":8},"end":{"line":93,"column":36}},"type":"binary-expr","locations":[{"start":{"line":93,"column":8},"end":{"line":93,"column":24}},{"start":{"line":93,"column":28},"end":{"line":93,"column":36}}]},"13":{"loc":{"start":{"line":131,"column":13},"end":{"line":139,"column":null}},"type":"binary-expr","locations":[{"start":{"line":131,"column":13},"end":{"line":131,"column":19}},{"start":{"line":132,"column":14},"end":{"line":138,"column":null}}]},"14":{"loc":{"start":{"line":146,"column":57},"end":{"line":146,"column":88}},"type":"binary-expr","locations":[{"start":{"line":146,"column":57},"end":{"line":146,"column":74}},{"start":{"line":146,"column":78},"end":{"line":146,"column":88}}]},"15":{"loc":{"start":{"line":157,"column":11},"end":{"line":211,"column":null}},"type":"cond-expr","locations":[{"start":{"line":158,"column":12},"end":{"line":158,"column":29}},{"start":{"line":159,"column":14},"end":{"line":211,"column":null}}]},"16":{"loc":{"start":{"line":159,"column":14},"end":{"line":211,"column":null}},"type":"cond-expr","locations":[{"start":{"line":160,"column":12},"end":{"line":173,"column":null}},{"start":{"line":176,"column":12},"end":{"line":211,"column":14}}]},"17":{"loc":{"start":{"line":185,"column":23},"end":{"line":200,"column":null}},"type":"cond-expr","locations":[{"start":{"line":186,"column":24},"end":{"line":198,"column":28}},{"start":{"line":200,"column":24},"end":{"line":200,"column":43}}]},"18":{"loc":{"start":{"line":187,"column":36},"end":{"line":187,"column":107}},"type":"cond-expr","locations":[{"start":{"line":187,"column":68},"end":{"line":187,"column":103}},{"start":{"line":187,"column":106},"end":{"line":187,"column":107}}]},"19":{"loc":{"start":{"line":204,"column":19},"end":{"line":207,"column":null}},"type":"binary-expr","locations":[{"start":{"line":204,"column":19},"end":{"line":204,"column":47}},{"start":{"line":204,"column":51},"end":{"line":204,"column":90}},{"start":{"line":205,"column":20},"end":{"line":206,"column":null}}]},"20":{"loc":{"start":{"line":206,"column":23},"end":{"line":206,"column":91}},"type":"cond-expr","locations":[{"start":{"line":206,"column":55},"end":{"line":206,"column":67}},{"start":{"line":206,"column":70},"end":{"line":206,"column":91}}]},"21":{"loc":{"start":{"line":216,"column":7},"end":{"line":226,"column":null}},"type":"binary-expr","locations":[{"start":{"line":216,"column":7},"end":{"line":216,"column":24}},{"start":{"line":217,"column":8},"end":{"line":225,"column":null}}]}},"s":{"0":1,"1":1,"2":1,"3":1,"4":1,"5":11,"6":11,"7":11,"8":11,"9":11,"10":11,"11":11,"12":11,"13":11,"14":11,"15":0,"16":11,"17":0,"18":0,"19":0,"20":11,"21":11,"22":11,"23":0,"24":0,"25":11,"26":0,"27":11,"28":5,"29":11,"30":5,"31":0,"32":5,"33":0,"34":0,"35":0,"36":5,"37":5,"38":11,"39":10,"40":5,"41":5,"42":11,"43":1,"44":1,"45":1,"46":11,"47":0,"48":0,"49":0,"50":11,"51":0,"52":0,"53":11,"54":0,"55":11,"56":0,"57":0,"58":11,"59":0,"60":6,"61":0,"62":0,"63":0,"64":1},"f":{"0":11,"1":0,"2":0,"3":0,"4":0,"5":5,"6":5,"7":0,"8":0,"9":5,"10":10,"11":5,"12":1,"13":1,"14":0,"15":0,"16":0,"17":0,"18":0,"19":0,"20":0,"21":6,"22":0,"23":0,"24":0},"b":{"0":[0],"1":[0,11],"2":[0,0],"3":[0,0],"4":[0,0],"5":[0,0],"6":[0,0],"7":[0,0],"8":[0,0],"9":[5],"10":[1],"11":[0],"12":[0,0],"13":[11,0],"14":[11,2],"15":[1,10],"16":[4,6],"17":[1,5],"18":[0,1],"19":[6,1,0],"20":[0,0],"21":[11,0]}}
,"/Users/ronanoleary/code/rickandmorty-findest-rol/src/components/Locations.tsx": {"path":"/Users/ronanoleary/code/rickandmorty-findest-rol/src/components/Locations.tsx","statementMap":{"0":{"start":{"line":2,"column":0},"end":{"line":2,"column":46}},"1":{"start":{"line":3,"column":0},"end":{"line":3,"column":34}},"2":{"start":{"line":4,"column":0},"end":{"line":4,"column":70}},"3":{"start":{"line":6,"column":18},"end":{"line":136,"column":1}},"4":{"start":{"line":7,"column":26},"end":{"line":7,"column":37}},"5":{"start":{"line":8,"column":26},"end":{"line":8,"column":38}},"6":{"start":{"line":9,"column":26},"end":{"line":9,"column":38}},"7":{"start":{"line":10,"column":36},"end":{"line":10,"column":48}},"8":{"start":{"line":12,"column":48},"end":{"line":12,"column":62}},"9":{"start":{"line":15,"column":32},"end":{"line":19,"column":null}},"10":{"start":{"line":17,"column":6},"end":{"line":17,"column":32}},"11":{"start":{"line":22,"column":29},"end":{"line":25,"column":3}},"12":{"start":{"line":23,"column":4},"end":{"line":23,"column":28}},"13":{"start":{"line":24,"column":4},"end":{"line":24,"column":42}},"14":{"start":{"line":28,"column":37},"end":{"line":33,"column":4}},"15":{"start":{"line":35,"column":25},"end":{"line":39,"column":3}},"16":{"start":{"line":36,"column":4},"end":{"line":38,"column":5}},"17":{"start":{"line":37,"column":6},"end":{"line":37,"column":42}},"18":{"start":{"line":37,"column":28},"end":{"line":37,"column":40}},"19":{"start":{"line":41,"column":29},"end":{"line":45,"column":3}},"20":{"start":{"line":42,"column":4},"end":{"line":44,"column":5}},"21":{"start":{"line":43,"column":6},"end":{"line":43,"column":42}},"22":{"start":{"line":43,"column":28},"end":{"line":43,"column":40}},"23":{"start":{"line":47,"column":2},"end":{"line":135,"column":4}},"24":{"start":{"line":62,"column":48},"end":{"line":62,"column":71}},"25":{"start":{"line":70,"column":53},"end":{"line":70,"column":81}},"26":{"start":{"line":120,"column":14},"end":{"line":120,"column":37}},"27":{"start":{"line":138,"column":0},"end":{"line":138,"column":25}}},"fnMap":{"0":{"name":"(anonymous_0)","decl":{"start":{"line":6,"column":18},"end":{"line":6,"column":21}},"loc":{"start":{"line":6,"column":23},"end":{"line":136,"column":1}}},"1":{"name":"(anonymous_1)","decl":{"start":{"line":16,"column":13},"end":{"line":16,"column":14}},"loc":{"start":{"line":16,"column":31},"end":{"line":18,"column":5}}},"2":{"name":"(anonymous_2)","decl":{"start":{"line":22,"column":29},"end":{"line":22,"column":30}},"loc":{"start":{"line":22,"column":72},"end":{"line":25,"column":3}}},"3":{"name":"(anonymous_3)","decl":{"start":{"line":35,"column":25},"end":{"line":35,"column":28}},"loc":{"start":{"line":35,"column":30},"end":{"line":39,"column":3}}},"4":{"name":"(anonymous_4)","decl":{"start":{"line":37,"column":14},"end":{"line":37,"column":15}},"loc":{"start":{"line":37,"column":28},"end":{"line":37,"column":40}}},"5":{"name":"(anonymous_5)","decl":{"start":{"line":41,"column":29},"end":{"line":41,"column":32}},"loc":{"start":{"line":41,"column":34},"end":{"line":45,"column":3}}},"6":{"name":"(anonymous_6)","decl":{"start":{"line":43,"column":14},"end":{"line":43,"column":15}},"loc":{"start":{"line":43,"column":28},"end":{"line":43,"column":40}}},"7":{"name":"(anonymous_7)","decl":{"start":{"line":62,"column":41},"end":{"line":62,"column":42}},"loc":{"start":{"line":62,"column":48},"end":{"line":62,"column":71}}},"8":{"name":"(anonymous_8)","decl":{"start":{"line":70,"column":46},"end":{"line":70,"column":47}},"loc":{"start":{"line":70,"column":53},"end":{"line":70,"column":81}}},"9":{"name":"(anonymous_9)","decl":{"start":{"line":119,"column":30},"end":{"line":119,"column":31}},"loc":{"start":{"line":120,"column":14},"end":{"line":120,"column":37}}}},"branchMap":{"0":{"loc":{"start":{"line":36,"column":4},"end":{"line":38,"column":5}},"type":"if","locations":[{"start":{"line":36,"column":4},"end":{"line":38,"column":5}}]},"1":{"loc":{"start":{"line":42,"column":4},"end":{"line":44,"column":5}},"type":"if","locations":[{"start":{"line":42,"column":4},"end":{"line":44,"column":5}}]},"2":{"loc":{"start":{"line":42,"column":8},"end":{"line":42,"column":35}},"type":"binary-expr","locations":[{"start":{"line":42,"column":8},"end":{"line":42,"column":23}},{"start":{"line":42,"column":27},"end":{"line":42,"column":35}}]},"3":{"loc":{"start":{"line":80,"column":55},"end":{"line":80,"column":85}},"type":"binary-expr","locations":[{"start":{"line":80,"column":55},"end":{"line":80,"column":71}},{"start":{"line":80,"column":75},"end":{"line":80,"column":85}}]},"4":{"loc":{"start":{"line":92,"column":11},"end":{"line":130,"column":null}},"type":"cond-expr","locations":[{"start":{"line":93,"column":12},"end":{"line":93,"column":29}},{"start":{"line":94,"column":14},"end":{"line":130,"column":null}}]},"5":{"loc":{"start":{"line":94,"column":14},"end":{"line":130,"column":null}},"type":"cond-expr","locations":[{"start":{"line":95,"column":12},"end":{"line":110,"column":null}},{"start":{"line":112,"column":14},"end":{"line":130,"column":null}}]},"6":{"loc":{"start":{"line":112,"column":14},"end":{"line":130,"column":null}},"type":"cond-expr","locations":[{"start":{"line":113,"column":12},"end":{"line":115,"column":null}},{"start":{"line":119,"column":12},"end":{"line":130,"column":14}}]}},"s":{"0":1,"1":1,"2":1,"3":1,"4":13,"5":13,"6":13,"7":13,"8":13,"9":13,"10":1,"11":13,"12":1,"13":1,"14":13,"15":13,"16":1,"17":1,"18":1,"19":13,"20":1,"21":1,"22":1,"23":13,"24":1,"25":1,"26":11,"27":1},"f":{"0":13,"1":1,"2":1,"3":1,"4":1,"5":1,"6":1,"7":1,"8":1,"9":11},"b":{"0":[1],"1":[1],"2":[1,1],"3":[13,1],"4":[1,12],"5":[1,11],"6":[1,10]}}
,"/Users/ronanoleary/code/rickandmorty-findest-rol/src/components/Modal.tsx": {"path":"/Users/ronanoleary/code/rickandmorty-findest-rol/src/components/Modal.tsx","statementMap":{"0":{"start":{"line":10,"column":14},"end":{"line":32,"column":1}},"1":{"start":{"line":11,"column":2},"end":{"line":13,"column":3}},"2":{"start":{"line":12,"column":4},"end":{"line":12,"column":16}},"3":{"start":{"line":15,"column":29},"end":{"line":19,"column":3}},"4":{"start":{"line":16,"column":4},"end":{"line":18,"column":5}},"5":{"start":{"line":17,"column":6},"end":{"line":17,"column":16}},"6":{"start":{"line":21,"column":2},"end":{"line":31,"column":4}},"7":{"start":{"line":25,"column":54},"end":{"line":25,"column":73}},"8":{"start":{"line":25,"column":96},"end":{"line":25,"column":115}},"9":{"start":{"line":34,"column":0},"end":{"line":34,"column":21}}},"fnMap":{"0":{"name":"(anonymous_0)","decl":{"start":{"line":10,"column":14},"end":{"line":10,"column":15}},"loc":{"start":{"line":10,"column":58},"end":{"line":32,"column":1}}},"1":{"name":"(anonymous_1)","decl":{"start":{"line":15,"column":29},"end":{"line":15,"column":30}},"loc":{"start":{"line":15,"column":69},"end":{"line":19,"column":3}}},"2":{"name":"(anonymous_2)","decl":{"start":{"line":25,"column":47},"end":{"line":25,"column":48}},"loc":{"start":{"line":25,"column":54},"end":{"line":25,"column":73}}},"3":{"name":"(anonymous_3)","decl":{"start":{"line":25,"column":89},"end":{"line":25,"column":90}},"loc":{"start":{"line":25,"column":96},"end":{"line":25,"column":115}}}},"branchMap":{"0":{"loc":{"start":{"line":11,"column":2},"end":{"line":13,"column":3}},"type":"if","locations":[{"start":{"line":11,"column":2},"end":{"line":13,"column":3}}]},"1":{"loc":{"start":{"line":16,"column":4},"end":{"line":18,"column":5}},"type":"if","locations":[{"start":{"line":16,"column":4},"end":{"line":18,"column":5}}]},"2":{"loc":{"start":{"line":23,"column":29},"end":{"line":23,"column":47}},"type":"cond-expr","locations":[{"start":{"line":23,"column":36},"end":{"line":23,"column":42}},{"start":{"line":23,"column":45},"end":{"line":23,"column":47}}]}},"s":{"0":3,"1":19,"2":18,"3":1,"4":0,"5":0,"6":1,"7":1,"8":0,"9":3},"f":{"0":19,"1":0,"2":1,"3":0},"b":{"0":[18],"1":[0],"2":[1,0]}}
,"/Users/ronanoleary/code/rickandmorty-findest-rol/src/components/Tabs/Tabs.tsx": {"path":"/Users/ronanoleary/code/rickandmorty-findest-rol/src/components/Tabs/Tabs.tsx","statementMap":{"0":{"start":{"line":1,"column":0},"end":{"line":1,"column":51}},"1":{"start":{"line":2,"column":0},"end":{"line":2,"column":39}},"2":{"start":{"line":3,"column":0},"end":{"line":3,"column":37}},"3":{"start":{"line":4,"column":0},"end":{"line":4,"column":35}},"4":{"start":{"line":5,"column":0},"end":{"line":5,"column":33}},"5":{"start":{"line":6,"column":0},"end":{"line":6,"column":47}},"6":{"start":{"line":9,"column":26},"end":{"line":11,"column":1}},"7":{"start":{"line":10,"column":2},"end":{"line":10,"column":60}},"8":{"start":{"line":13,"column":13},"end":{"line":85,"column":1}},"9":{"start":{"line":14,"column":36},"end":{"line":14,"column":59}},"10":{"start":{"line":15,"column":36},"end":{"line":15,"column":58}},"11":{"start":{"line":16,"column":33},"end":{"line":16,"column":52}},"12":{"start":{"line":17,"column":19},"end":{"line":17,"column":32}},"13":{"start":{"line":19,"column":23},"end":{"line":21,"column":3}},"14":{"start":{"line":20,"column":4},"end":{"line":20,"column":16}},"15":{"start":{"line":23,"column":2},"end":{"line":34,"column":9}},"16":{"start":{"line":24,"column":33},"end":{"line":31,"column":5}},"17":{"start":{"line":25,"column":6},"end":{"line":30,"column":9}},"18":{"start":{"line":26,"column":8},"end":{"line":29,"column":17}},"19":{"start":{"line":27,"column":10},"end":{"line":27,"column":30}},"20":{"start":{"line":28,"column":10},"end":{"line":28,"column":20}},"21":{"start":{"line":33,"column":4},"end":{"line":33,"column":27}},"22":{"start":{"line":37,"column":20},"end":{"line":45,"column":3}},"23":{"start":{"line":38,"column":4},"end":{"line":44,"column":5}},"24":{"start":{"line":39,"column":6},"end":{"line":41,"column":9}},"25":{"start":{"line":40,"column":8},"end":{"line":40,"column":29}},"26":{"start":{"line":43,"column":6},"end":{"line":43,"column":27}},"27":{"start":{"line":47,"column":2},"end":{"line":84,"column":4}},"28":{"start":{"line":51,"column":25},"end":{"line":51,"column":48}},"29":{"start":{"line":56,"column":25},"end":{"line":56,"column":47}},"30":{"start":{"line":61,"column":25},"end":{"line":61,"column":46}},"31":{"start":{"line":87,"column":0},"end":{"line":87,"column":20}}},"fnMap":{"0":{"name":"(anonymous_1)","decl":{"start":{"line":9,"column":26},"end":{"line":9,"column":29}},"loc":{"start":{"line":9,"column":31},"end":{"line":11,"column":1}}},"1":{"name":"(anonymous_2)","decl":{"start":{"line":13,"column":13},"end":{"line":13,"column":16}},"loc":{"start":{"line":13,"column":18},"end":{"line":85,"column":1}}},"2":{"name":"(anonymous_3)","decl":{"start":{"line":19,"column":23},"end":{"line":19,"column":26}},"loc":{"start":{"line":19,"column":28},"end":{"line":21,"column":3}}},"3":{"name":"(anonymous_4)","decl":{"start":{"line":23,"column":12},"end":{"line":23,"column":15}},"loc":{"start":{"line":23,"column":17},"end":{"line":34,"column":3}}},"4":{"name":"(anonymous_5)","decl":{"start":{"line":24,"column":33},"end":{"line":24,"column":36}},"loc":{"start":{"line":24,"column":38},"end":{"line":31,"column":5}}},"5":{"name":"(anonymous_6)","decl":{"start":{"line":25,"column":31},"end":{"line":25,"column":32}},"loc":{"start":{"line":25,"column":43},"end":{"line":30,"column":7}}},"6":{"name":"(anonymous_7)","decl":{"start":{"line":26,"column":19},"end":{"line":26,"column":22}},"loc":{"start":{"line":26,"column":24},"end":{"line":29,"column":9}}},"7":{"name":"(anonymous_8)","decl":{"start":{"line":37,"column":20},"end":{"line":37,"column":21}},"loc":{"start":{"line":37,"column":39},"end":{"line":45,"column":3}}},"8":{"name":"(anonymous_9)","decl":{"start":{"line":39,"column":35},"end":{"line":39,"column":38}},"loc":{"start":{"line":39,"column":40},"end":{"line":41,"column":7}}},"9":{"name":"(anonymous_10)","decl":{"start":{"line":51,"column":19},"end":{"line":51,"column":22}},"loc":{"start":{"line":51,"column":25},"end":{"line":51,"column":48}}},"10":{"name":"(anonymous_11)","decl":{"start":{"line":56,"column":19},"end":{"line":56,"column":22}},"loc":{"start":{"line":56,"column":25},"end":{"line":56,"column":47}}},"11":{"name":"(anonymous_12)","decl":{"start":{"line":61,"column":19},"end":{"line":61,"column":22}},"loc":{"start":{"line":61,"column":25},"end":{"line":61,"column":46}}}},"branchMap":{"0":{"loc":{"start":{"line":38,"column":4},"end":{"line":44,"column":5}},"type":"if","locations":[{"start":{"line":38,"column":4},"end":{"line":44,"column":5}},{"start":{"line":42,"column":11},"end":{"line":44,"column":5}}]},"1":{"loc":{"start":{"line":52,"column":35},"end":{"line":52,"column":73}},"type":"binary-expr","locations":[{"start":{"line":52,"column":35},"end":{"line":52,"column":61}},{"start":{"line":52,"column":65},"end":{"line":52,"column":73}}]},"2":{"loc":{"start":{"line":57,"column":35},"end":{"line":57,"column":72}},"type":"binary-expr","locations":[{"start":{"line":57,"column":35},"end":{"line":57,"column":60}},{"start":{"line":57,"column":64},"end":{"line":57,"column":72}}]},"3":{"loc":{"start":{"line":62,"column":35},"end":{"line":62,"column":71}},"type":"binary-expr","locations":[{"start":{"line":62,"column":35},"end":{"line":62,"column":59}},{"start":{"line":62,"column":63},"end":{"line":62,"column":71}}]},"4":{"loc":{"start":{"line":72,"column":7},"end":{"line":81,"column":null}},"type":"cond-expr","locations":[{"start":{"line":73,"column":8},"end":{"line":74,"column":null}},{"start":{"line":77,"column":8},"end":{"line":80,"column":null}}]},"5":{"loc":{"start":{"line":78,"column":11},"end":{"line":78,"column":55}},"type":"binary-expr","locations":[{"start":{"line":78,"column":11},"end":{"line":78,"column":37}},{"start":{"line":78,"column":41},"end":{"line":78,"column":55}}]},"6":{"loc":{"start":{"line":79,"column":11},"end":{"line":79,"column":53}},"type":"binary-expr","locations":[{"start":{"line":79,"column":11},"end":{"line":79,"column":36}},{"start":{"line":79,"column":40},"end":{"line":79,"column":53}}]},"7":{"loc":{"start":{"line":80,"column":11},"end":{"line":80,"column":51}},"type":"binary-expr","locations":[{"start":{"line":80,"column":11},"end":{"line":80,"column":35}},{"start":{"line":80,"column":39},"end":{"line":80,"column":51}}]}},"s":{"0":1,"1":1,"2":1,"3":1,"4":1,"5":1,"6":1,"7":6,"8":1,"9":6,"10":6,"11":6,"12":6,"13":6,"14":0,"15":6,"16":2,"17":2,"18":2,"19":2,"20":2,"21":2,"22":6,"23":2,"24":0,"25":0,"26":2,"27":6,"28":0,"29":1,"30":1,"31":1},"f":{"0":6,"1":6,"2":0,"3":2,"4":2,"5":2,"6":2,"7":2,"8":0,"9":0,"10":1,"11":1},"b":{"0":[0,2],"1":[6,4],"2":[6,1],"3":[6,1],"4":[2,4],"5":[4,2],"6":[4,1],"7":[4,1]}}
,"/Users/ronanoleary/code/rickandmorty-findest-rol/src/hooks/useUpdateEffect.ts": {"path":"/Users/ronanoleary/code/rickandmorty-findest-rol/src/hooks/useUpdateEffect.ts","statementMap":{"0":{"start":{"line":1,"column":0},"end":{"line":1,"column":41}},"1":{"start":{"line":6,"column":24},"end":{"line":20,"column":1}},"2":{"start":{"line":11,"column":18},"end":{"line":11,"column":35}},"3":{"start":{"line":12,"column":2},"end":{"line":19,"column":null}},"4":{"start":{"line":13,"column":4},"end":{"line":18,"column":5}},"5":{"start":{"line":15,"column":6},"end":{"line":15,"column":null}},"6":{"start":{"line":17,"column":6},"end":{"line":17,"column":null}},"7":{"start":{"line":22,"column":0},"end":{"line":22,"column":null}}},"fnMap":{"0":{"name":"(anonymous_0)","decl":{"start":{"line":6,"column":24},"end":{"line":6,"column":null}},"loc":{"start":{"line":10,"column":10},"end":{"line":20,"column":1}}},"1":{"name":"(anonymous_1)","decl":{"start":{"line":12,"column":12},"end":{"line":12,"column":15}},"loc":{"start":{"line":12,"column":17},"end":{"line":19,"column":3}}}},"branchMap":{"0":{"loc":{"start":{"line":9,"column":2},"end":{"line":9,"column":37}},"type":"default-arg","locations":[{"start":{"line":9,"column":28},"end":{"line":9,"column":37}}]},"1":{"loc":{"start":{"line":13,"column":4},"end":{"line":18,"column":5}},"type":"if","locations":[{"start":{"line":13,"column":4},"end":{"line":18,"column":5}},{"start":{"line":16,"column":11},"end":{"line":18,"column":5}}]}},"s":{"0":1,"1":1,"2":7,"3":7,"4":5,"5":2,"6":3,"7":1},"f":{"0":7,"1":5},"b":{"0":[3],"1":[2,3]}}
}
