TN:
SF:src/components/CharacterCard.tsx
FN:21,(anonymous_1)
FN:25,(anonymous_2)
FN:26,(anonymous_3)
FN:31,(anonymous_4)
FN:32,(anonymous_5)
FN:39,(anonymous_6)
FNF:6
FNH:4
FNDA:22,(anonymous_1)
FNDA:1,(anonymous_2)
FNDA:1,(anonymous_3)
FNDA:0,(anonymous_4)
FNDA:0,(anonymous_5)
FNDA:1,(anonymous_6)
DA:3,2
DA:4,2
DA:21,2
DA:22,22
DA:25,22
DA:26,1
DA:27,1
DA:31,22
DA:32,0
DA:33,0
DA:37,22
DA:39,1
DA:82,2
LF:13
LH:11
BRF:0
BRH:0
end_of_record
TN:
SF:src/components/Characters.tsx
FN:12,(anonymous_1)
FN:25,(anonymous_2)
FN:31,(anonymous_3)
FN:52,(anonymous_4)
FN:62,(anonymous_5)
FN:64,(anonymous_6)
FN:68,(anonymous_7)
FN:70,(anonymous_8)
FN:91,(anonymous_9)
FN:96,(anonymous_10)
FN:106,(anonymous_11)
FN:118,(anonymous_12)
FN:131,(anonymous_13)
FN:136,(anonymous_14)
FN:146,(anonymous_15)
FN:151,(anonymous_16)
FN:218,(anonymous_17)
FNF:17
FNH:11
FNDA:9,(anonymous_1)
FNDA:1,(anonymous_2)
FNDA:1,(anonymous_3)
FNDA:18,(anonymous_4)
FNDA:1,(anonymous_5)
FNDA:1,(anonymous_6)
FNDA:0,(anonymous_7)
FNDA:0,(anonymous_8)
FNDA:1,(anonymous_9)
FNDA:18,(anonymous_10)
FNDA:0,(anonymous_11)
FNDA:0,(anonymous_12)
FNDA:0,(anonymous_13)
FNDA:18,(anonymous_14)
FNDA:0,(anonymous_15)
FNDA:9,(anonymous_16)
FNDA:18,(anonymous_17)
DA:2,1
DA:3,1
DA:4,1
DA:10,1
DA:12,1
DA:13,9
DA:14,9
DA:15,9
DA:16,9
DA:17,9
DA:18,9
DA:19,9
DA:21,9
DA:24,9
DA:26,1
DA:31,9
DA:32,1
DA:33,1
DA:37,9
DA:46,9
DA:47,9
DA:48,9
DA:52,9
DA:53,18
DA:56,18
DA:59,18
DA:62,9
DA:63,1
DA:64,1
DA:68,9
DA:69,0
DA:70,0
DA:74,9
DA:91,1
DA:97,18
DA:106,0
DA:118,0
DA:131,0
DA:137,18
DA:146,0
DA:152,9
DA:219,18
DA:232,1
LF:43
LH:37
BRDA:53,0,0,0
BRDA:53,0,1,18
BRDA:56,1,0,0
BRDA:56,1,1,18
BRDA:59,2,0,18
BRDA:59,2,1,18
BRDA:63,3,0,1
BRDA:69,4,0,0
BRDA:69,5,0,0
BRDA:69,5,1,0
BRDA:164,6,0,9
BRDA:164,6,1,0
BRDA:179,7,0,0
BRDA:179,7,1,9
BRDA:181,8,0,0
BRDA:181,8,1,9
BRDA:211,9,0,0
BRDA:211,9,1,9
BRF:18
BRH:9
end_of_record
TN:
SF:src/components/Episodes.tsx
FN:12,(anonymous_1)
FN:27,(anonymous_2)
FN:33,(anonymous_3)
FN:57,(anonymous_4)
FN:62,(anonymous_5)
FN:64,(anonymous_6)
FN:69,(anonymous_7)
FN:73,(anonymous_8)
FN:75,(anonymous_9)
FN:90,(anonymous_10)
FN:96,(anonymous_11)
FN:98,(anonymous_12)
FN:104,(anonymous_13)
FN:106,(anonymous_14)
FN:110,(anonymous_15)
FN:112,(anonymous_16)
FN:116,(anonymous_17)
FN:121,(anonymous_18)
FN:126,(anonymous_19)
FN:127,(anonymous_20)
FN:158,(anonymous_21)
FN:220,(anonymous_22)
FN:245,(anonymous_23)
FN:247,(anonymous_24)
FN:269,(anonymous_25)
FNF:25
FNH:9
FNDA:11,(anonymous_1)
FNDA:0,(anonymous_2)
FNDA:0,(anonymous_3)
FNDA:0,(anonymous_4)
FNDA:0,(anonymous_5)
FNDA:5,(anonymous_6)
FNDA:5,(anonymous_7)
FNDA:0,(anonymous_8)
FNDA:0,(anonymous_9)
FNDA:5,(anonymous_10)
FNDA:10,(anonymous_11)
FNDA:5,(anonymous_12)
FNDA:1,(anonymous_13)
FNDA:1,(anonymous_14)
FNDA:0,(anonymous_15)
FNDA:0,(anonymous_16)
FNDA:0,(anonymous_17)
FNDA:0,(anonymous_18)
FNDA:0,(anonymous_19)
FNDA:0,(anonymous_20)
FNDA:0,(anonymous_21)
FNDA:6,(anonymous_22)
FNDA:0,(anonymous_23)
FNDA:0,(anonymous_24)
FNDA:0,(anonymous_25)
DA:3,1
DA:4,1
DA:5,1
DA:6,1
DA:12,1
DA:13,11
DA:14,11
DA:15,11
DA:16,11
DA:17,11
DA:18,11
DA:19,11
DA:20,11
DA:21,11
DA:26,11
DA:28,0
DA:33,11
DA:34,0
DA:35,0
DA:36,0
DA:44,11
DA:53,11
DA:57,11
DA:58,0
DA:59,0
DA:62,11
DA:64,11
DA:65,5
DA:69,11
DA:73,5
DA:74,5
DA:76,0
DA:79,0
DA:80,0
DA:90,5
DA:96,11
DA:97,10
DA:98,5
DA:99,5
DA:104,11
DA:105,1
DA:106,1
DA:110,11
DA:111,0
DA:112,0
DA:116,11
DA:117,0
DA:118,0
DA:121,11
DA:122,0
DA:126,11
DA:127,0
DA:133,11
DA:159,0
DA:221,6
DA:246,0
DA:247,0
DA:269,0
DA:308,1
LF:59
LH:40
BRDA:41,0,0,0
BRDA:44,1,0,0
BRDA:44,1,1,11
BRDA:45,2,0,0
BRDA:45,2,1,0
BRDA:81,3,0,0
BRDA:81,3,1,0
BRDA:82,4,0,0
BRDA:82,4,1,0
BRDA:83,5,0,0
BRDA:83,5,1,0
BRDA:84,6,0,0
BRDA:84,6,1,0
BRDA:85,7,0,0
BRDA:85,7,1,0
BRDA:86,8,0,0
BRDA:86,8,1,0
BRDA:97,9,0,5
BRDA:105,10,0,1
BRDA:111,11,0,0
BRDA:111,12,0,0
BRDA:111,12,1,0
BRDA:155,13,0,11
BRDA:155,13,1,0
BRDA:172,14,0,11
BRDA:172,14,1,2
BRDA:191,15,0,1
BRDA:191,15,1,10
BRDA:193,16,0,4
BRDA:193,16,1,6
BRDA:237,17,0,1
BRDA:237,17,1,5
BRDA:241,18,0,0
BRDA:241,18,1,1
BRDA:266,19,0,6
BRDA:266,19,1,1
BRDA:266,19,2,0
BRDA:272,20,0,0
BRDA:272,20,1,0
BRDA:284,21,0,11
BRDA:284,21,1,0
BRF:41
BRH:16
end_of_record
TN:
SF:src/components/Locations.tsx
FN:6,(anonymous_0)
FN:16,(anonymous_1)
FN:22,(anonymous_2)
FN:35,(anonymous_3)
FN:37,(anonymous_4)
FN:41,(anonymous_5)
FN:43,(anonymous_6)
FN:62,(anonymous_7)
FN:72,(anonymous_8)
FN:138,(anonymous_9)
FNF:10
FNH:10
FNDA:13,(anonymous_0)
FNDA:1,(anonymous_1)
FNDA:1,(anonymous_2)
FNDA:1,(anonymous_3)
FNDA:1,(anonymous_4)
FNDA:1,(anonymous_5)
FNDA:1,(anonymous_6)
FNDA:1,(anonymous_7)
FNDA:1,(anonymous_8)
FNDA:11,(anonymous_9)
DA:2,1
DA:3,1
DA:4,1
DA:6,1
DA:7,13
DA:8,13
DA:9,13
DA:10,13
DA:12,13
DA:15,13
DA:17,1
DA:22,13
DA:23,1
DA:24,1
DA:28,13
DA:35,13
DA:36,1
DA:37,1
DA:41,13
DA:42,1
DA:43,1
DA:47,13
DA:62,1
DA:72,1
DA:139,11
DA:157,1
LF:26
LH:26
BRDA:36,0,0,1
BRDA:42,1,0,1
BRDA:42,2,0,1
BRDA:42,2,1,1
BRDA:87,3,0,13
BRDA:87,3,1,1
BRDA:102,4,0,1
BRDA:102,4,1,12
BRDA:104,5,0,1
BRDA:104,5,1,11
BRDA:131,6,0,1
BRDA:131,6,1,10
BRF:12
BRH:12
end_of_record
TN:
SF:src/components/Modal.tsx
FN:10,(anonymous_0)
FN:15,(anonymous_1)
FN:31,(anonymous_2)
FN:32,(anonymous_3)
FNF:4
FNH:2
FNDA:19,(anonymous_0)
FNDA:0,(anonymous_1)
FNDA:1,(anonymous_2)
FNDA:0,(anonymous_3)
DA:10,3
DA:11,19
DA:12,18
DA:15,1
DA:16,0
DA:17,0
DA:21,1
DA:31,1
DA:32,0
DA:44,3
LF:10
LH:7
BRDA:11,0,0,18
BRDA:16,1,0,0
BRDA:23,2,0,1
BRDA:23,2,1,0
BRF:4
BRH:2
end_of_record
TN:
SF:src/components/Tabs/Tabs.tsx
FN:9,(anonymous_1)
FN:13,(anonymous_2)
FN:19,(anonymous_3)
FN:23,(anonymous_4)
FN:24,(anonymous_5)
FN:25,(anonymous_6)
FN:26,(anonymous_7)
FN:37,(anonymous_8)
FN:39,(anonymous_9)
FN:51,(anonymous_10)
FN:57,(anonymous_11)
FN:63,(anonymous_12)
FNF:12
FNH:9
FNDA:6,(anonymous_1)
FNDA:6,(anonymous_2)
FNDA:0,(anonymous_3)
FNDA:2,(anonymous_4)
FNDA:2,(anonymous_5)
FNDA:2,(anonymous_6)
FNDA:2,(anonymous_7)
FNDA:2,(anonymous_8)
FNDA:0,(anonymous_9)
FNDA:0,(anonymous_10)
FNDA:1,(anonymous_11)
FNDA:1,(anonymous_12)
DA:1,1
DA:2,1
DA:3,1
DA:4,1
DA:5,1
DA:6,1
DA:9,1
DA:10,6
DA:13,1
DA:14,6
DA:15,6
DA:16,6
DA:17,6
DA:19,6
DA:20,0
DA:23,6
DA:24,2
DA:25,2
DA:26,2
DA:27,2
DA:28,2
DA:33,2
DA:37,6
DA:38,2
DA:39,0
DA:40,0
DA:43,2
DA:47,6
DA:51,0
DA:57,1
DA:63,1
DA:88,1
LF:32
LH:28
BRDA:38,0,0,0
BRDA:38,0,1,2
BRDA:52,1,0,6
BRDA:52,1,1,4
BRDA:58,2,0,6
BRDA:58,2,1,1
BRDA:64,3,0,6
BRDA:64,3,1,1
BRDA:73,4,0,2
BRDA:73,4,1,4
BRDA:79,5,0,4
BRDA:79,5,1,2
BRDA:80,6,0,4
BRDA:80,6,1,1
BRDA:81,7,0,4
BRDA:81,7,1,1
BRF:16
BRH:15
end_of_record
TN:
SF:src/hooks/useUpdateEffect.ts
FN:6,(anonymous_0)
FN:12,(anonymous_1)
FNF:2
FNH:2
FNDA:7,(anonymous_0)
FNDA:5,(anonymous_1)
DA:1,1
DA:6,1
DA:11,7
DA:12,7
DA:13,5
DA:15,2
DA:17,3
DA:22,1
LF:8
LH:8
BRDA:9,0,0,3
BRDA:13,1,0,2
BRDA:13,1,1,3
BRF:3
BRH:3
end_of_record
